TpTrace Verbose: 0 : 22560, 1, 2025/02/27, 10:12:08.691, 16973747888431, vstest.console.dll, Version: 17.11.0-release-24352-05 Current process architecture: X64
TpTrace Verbose: 0 : 22560, 1, 2025/02/27, 10:12:08.694, 16973747913895, vstest.console.dll, Runtime location: C:\Program Files\dotnet\shared\Microsoft.NETCore.App\8.0.8
TpTrace Verbose: 0 : 22560, 1, 2025/02/27, 10:12:08.696, 16973747934151, vstest.console.dll, ArtifactProcessingPostProcessModeProcessorExecutor.Initialize: ArtifactProcessingMode.Collect
TpTrace Verbose: 0 : 22560, 1, 2025/02/27, 10:12:08.696, 16973747935713, vstest.console.dll, TestSessionCorrelationIdProcessorModeProcessorExecutor.Initialize: TestSessionCorrelationId '7004_ca982c99-e3a5-4d01-b021-b7c126a92d24'
TpTrace Information: 0 : 22560, 1, 2025/02/27, 10:12:08.703, 16973748006163, vstest.console.dll, FilePatternParser: The given file C:\Users\Premiersoft\Documents\ARQ\Alberto\TesteAlberto\Questao5\bin\Debug\net6.0\fine-code-coverage\build-output\Questao5.dll is a full path.
TpTrace Verbose: 0 : 22560, 1, 2025/02/27, 10:12:08.708, 16973748060242, vstest.console.dll, TestPluginCache.DiscoverTestExtensions: finding test extensions in assemblies ends with: RuntimeProvider.dll TPluginInfo: Microsoft.VisualStudio.TestPlatform.Common.ExtensionFramework.Utilities.TestRuntimePluginInformation TExtension: Microsoft.VisualStudio.TestPlatform.ObjectModel.Host.ITestRuntimeProvider
TpTrace Verbose: 0 : 22560, 1, 2025/02/27, 10:12:08.709, 16973748070025, vstest.console.dll, TestPluginCache.GetExtensionPaths: Filtered extension paths: 
TpTrace Verbose: 0 : 22560, 1, 2025/02/27, 10:12:08.709, 16973748071000, vstest.console.dll, TestPluginCache.GetExtensionPaths: Added default extension paths: C:\Program Files\dotnet\sdk\8.0.400\Extensions\Microsoft.Diagnostics.NETCore.Client.dll
C:\Program Files\dotnet\sdk\8.0.400\Extensions\Microsoft.TestPlatform.Extensions.BlameDataCollector.dll
C:\Program Files\dotnet\sdk\8.0.400\Extensions\Microsoft.TestPlatform.Extensions.EventLogCollector.dll
C:\Program Files\dotnet\sdk\8.0.400\Extensions\Microsoft.TestPlatform.TestHostRuntimeProvider.dll
C:\Program Files\dotnet\sdk\8.0.400\Extensions\Microsoft.VisualStudio.TestPlatform.Extensions.Html.TestLogger.dll
C:\Program Files\dotnet\sdk\8.0.400\Extensions\Microsoft.VisualStudio.TestPlatform.Extensions.Trx.TestLogger.dll
TpTrace Verbose: 0 : 22560, 1, 2025/02/27, 10:12:08.709, 16973748071264, vstest.console.dll, TestPluginCache.GetExtensionPaths: Added unfilterableExtensionPaths: 
TpTrace Information: 0 : 22560, 1, 2025/02/27, 10:12:08.710, 16973748076044, vstest.console.dll, AssemblyResolver.ctor: Creating AssemblyResolver with searchDirectories C:\Program Files\dotnet\sdk\8.0.400\Extensions,C:\Program Files\dotnet\sdk\8.0.400
TpTrace Verbose: 0 : 22560, 1, 2025/02/27, 10:12:08.711, 16973748085342, vstest.console.dll, TestPluginCache.DiscoverTestExtensions: Discovering the extensions using extension path.
TpTrace Verbose: 0 : 22560, 1, 2025/02/27, 10:12:08.711, 16973748086820, vstest.console.dll, TestPluginCache.GetExtensionPaths: Filtered extension paths: 
TpTrace Verbose: 0 : 22560, 1, 2025/02/27, 10:12:08.711, 16973748087269, vstest.console.dll, TestPluginCache.GetExtensionPaths: Added default extension paths: C:\Program Files\dotnet\sdk\8.0.400\Extensions\Microsoft.Diagnostics.NETCore.Client.dll
C:\Program Files\dotnet\sdk\8.0.400\Extensions\Microsoft.TestPlatform.Extensions.BlameDataCollector.dll
C:\Program Files\dotnet\sdk\8.0.400\Extensions\Microsoft.TestPlatform.Extensions.EventLogCollector.dll
C:\Program Files\dotnet\sdk\8.0.400\Extensions\Microsoft.TestPlatform.TestHostRuntimeProvider.dll
C:\Program Files\dotnet\sdk\8.0.400\Extensions\Microsoft.VisualStudio.TestPlatform.Extensions.Html.TestLogger.dll
C:\Program Files\dotnet\sdk\8.0.400\Extensions\Microsoft.VisualStudio.TestPlatform.Extensions.Trx.TestLogger.dll
TpTrace Verbose: 0 : 22560, 1, 2025/02/27, 10:12:08.711, 16973748088255, vstest.console.dll, TestPluginCache.GetExtensionPaths: Added unfilterableExtensionPaths: 
TpTrace Verbose: 0 : 22560, 1, 2025/02/27, 10:12:08.711, 16973748089037, vstest.console.dll, TestPluginCache.DiscoverTestExtensions: Discovering the extensions using allExtensionPaths: C:\Program Files\dotnet\sdk\8.0.400\Extensions\Microsoft.Diagnostics.NETCore.Client.dll
C:\Program Files\dotnet\sdk\8.0.400\Extensions\Microsoft.TestPlatform.Extensions.BlameDataCollector.dll
C:\Program Files\dotnet\sdk\8.0.400\Extensions\Microsoft.TestPlatform.Extensions.EventLogCollector.dll
C:\Program Files\dotnet\sdk\8.0.400\Extensions\Microsoft.TestPlatform.TestHostRuntimeProvider.dll
C:\Program Files\dotnet\sdk\8.0.400\Extensions\Microsoft.VisualStudio.TestPlatform.Extensions.Html.TestLogger.dll
C:\Program Files\dotnet\sdk\8.0.400\Extensions\Microsoft.VisualStudio.TestPlatform.Extensions.Trx.TestLogger.dll
TpTrace Information: 0 : 22560, 1, 2025/02/27, 10:12:08.712, 16973748092072, vstest.console.dll, AssemblyResolver.AddSearchDirectories: Adding more searchDirectories C:\Program Files\dotnet\sdk\8.0.400\Extensions,C:\Program Files\dotnet\sdk\8.0.400
TpTrace Information: 0 : 22560, 1, 2025/02/27, 10:12:08.712, 16973748093216, vstest.console.dll, AssemblyResolver.AddSearchDirectories: Adding more searchDirectories C:\Program Files\dotnet\sdk\8.0.400\Extensions,C:\Program Files\dotnet\sdk\8.0.400
TpTrace Information: 0 : 22560, 1, 2025/02/27, 10:12:08.712, 16973748093571, vstest.console.dll, AssemblyResolver.AddSearchDirectories: Adding more searchDirectories C:\Program Files\dotnet\sdk\8.0.400\Extensions,C:\Program Files\dotnet\sdk\8.0.400
TpTrace Information: 0 : 22560, 1, 2025/02/27, 10:12:08.712, 16973748093898, vstest.console.dll, AssemblyResolver.AddSearchDirectories: Adding more searchDirectories C:\Program Files\dotnet\sdk\8.0.400\Extensions,C:\Program Files\dotnet\sdk\8.0.400
TpTrace Information: 0 : 22560, 1, 2025/02/27, 10:12:08.712, 16973748094164, vstest.console.dll, AssemblyResolver.AddSearchDirectories: Adding more searchDirectories C:\Program Files\dotnet\sdk\8.0.400\Extensions,C:\Program Files\dotnet\sdk\8.0.400
TpTrace Information: 0 : 22560, 1, 2025/02/27, 10:12:08.712, 16973748094401, vstest.console.dll, AssemblyResolver.AddSearchDirectories: Adding more searchDirectories C:\Program Files\dotnet\sdk\8.0.400\Extensions,C:\Program Files\dotnet\sdk\8.0.400
TpTrace Information: 0 : 22560, 1, 2025/02/27, 10:12:08.712, 16973748099983, vstest.console.dll, AssemblyResolver.OnResolve: Microsoft.Diagnostics.NETCore.Client: Resolving assembly.
TpTrace Information: 0 : 22560, 1, 2025/02/27, 10:12:08.713, 16973748105991, vstest.console.dll, AssemblyResolver.OnResolve: Microsoft.Diagnostics.NETCore.Client: Searching in: 'C:\Program Files\dotnet\sdk\8.0.400\Extensions'.
TpTrace Information: 0 : 22560, 1, 2025/02/27, 10:12:08.721, 16973748185842, vstest.console.dll, AssemblyResolver.OnResolve: Microsoft.Diagnostics.NETCore.Client: Loading assembly 'C:\Program Files\dotnet\sdk\8.0.400\Extensions\Microsoft.Diagnostics.NETCore.Client.dll'.
TpTrace Information: 0 : 22560, 1, 2025/02/27, 10:12:08.722, 16973748196105, vstest.console.dll, AssemblyResolver.OnResolve: Resolved assembly: Microsoft.Diagnostics.NETCore.Client, from path: C:\Program Files\dotnet\sdk\8.0.400\Extensions\Microsoft.Diagnostics.NETCore.Client.dll
TpTrace Verbose: 0 : 22560, 1, 2025/02/27, 10:12:08.727, 16973748245179, vstest.console.dll, MetadataReaderExtensionsHelper: Discovering extensions inside assembly 'Microsoft.Diagnostics.NETCore.Client, Version=0.2.10.30701, Culture=neutral, PublicKeyToken=31bf3856ad364e35' file path 'C:\Program Files\dotnet\sdk\8.0.400\Extensions\Microsoft.Diagnostics.NETCore.Client.dll'
TpTrace Information: 0 : 22560, 1, 2025/02/27, 10:12:08.731, 16973748282575, vstest.console.dll, AssemblyResolver.OnResolve: Microsoft.Bcl.AsyncInterfaces: Resolving assembly.
TpTrace Information: 0 : 22560, 1, 2025/02/27, 10:12:08.731, 16973748283629, vstest.console.dll, AssemblyResolver.OnResolve: Microsoft.Bcl.AsyncInterfaces: Searching in: 'C:\Program Files\dotnet\sdk\8.0.400\Extensions'.
TpTrace Information: 0 : 22560, 1, 2025/02/27, 10:12:08.731, 16973748284340, vstest.console.dll, AssemblyResolver.OnResolve: Microsoft.Bcl.AsyncInterfaces: Assembly path does not exist: 'C:\Program Files\dotnet\sdk\8.0.400\Extensions\Microsoft.Bcl.AsyncInterfaces.dll', returning.
TpTrace Information: 0 : 22560, 1, 2025/02/27, 10:12:08.731, 16973748285158, vstest.console.dll, AssemblyResolver.OnResolve: Microsoft.Bcl.AsyncInterfaces: Assembly path does not exist: 'C:\Program Files\dotnet\sdk\8.0.400\Extensions\Microsoft.Bcl.AsyncInterfaces.exe', returning.
TpTrace Information: 0 : 22560, 1, 2025/02/27, 10:12:08.731, 16973748285436, vstest.console.dll, AssemblyResolver.OnResolve: Microsoft.Bcl.AsyncInterfaces: Searching in: 'C:\Program Files\dotnet\sdk\8.0.400'.
TpTrace Information: 0 : 22560, 1, 2025/02/27, 10:12:08.731, 16973748285834, vstest.console.dll, AssemblyResolver.OnResolve: Microsoft.Bcl.AsyncInterfaces: Assembly path does not exist: 'C:\Program Files\dotnet\sdk\8.0.400\Microsoft.Bcl.AsyncInterfaces.dll', returning.
TpTrace Information: 0 : 22560, 1, 2025/02/27, 10:12:08.731, 16973748286165, vstest.console.dll, AssemblyResolver.OnResolve: Microsoft.Bcl.AsyncInterfaces: Assembly path does not exist: 'C:\Program Files\dotnet\sdk\8.0.400\Microsoft.Bcl.AsyncInterfaces.exe', returning.
TpTrace Information: 0 : 22560, 1, 2025/02/27, 10:12:08.731, 16973748286325, vstest.console.dll, AssemblyResolver.OnResolve: Microsoft.Bcl.AsyncInterfaces: Failed to load assembly.
TpTrace Verbose: 0 : 22560, 1, 2025/02/27, 10:12:08.731, 16973748286574, vstest.console.dll, CurrentDomainAssemblyResolve: Resolving assembly 'Microsoft.Bcl.AsyncInterfaces'.
TpTrace Information: 0 : 22560, 1, 2025/02/27, 10:12:08.731, 16973748287047, vstest.console.dll, AssemblyResolver.OnResolve: Microsoft.Bcl.AsyncInterfaces: Resolving assembly.
TpTrace Information: 0 : 22560, 1, 2025/02/27, 10:12:08.731, 16973748287321, vstest.console.dll, AssemblyResolver.OnResolve: Microsoft.Bcl.AsyncInterfaces: Resolved from cache.
TpTrace Verbose: 0 : 22560, 1, 2025/02/27, 10:12:08.731, 16973748287490, vstest.console.dll, CurrentDomainAssemblyResolve: Resolving assembly 'Microsoft.Bcl.AsyncInterfaces'.
TpTrace Verbose: 0 : 22560, 1, 2025/02/27, 10:12:08.731, 16973748287732, vstest.console.dll, CurrentDomainAssemblyResolve: Failed to resolve assembly 'Microsoft.Bcl.AsyncInterfaces'.
TpTrace Verbose: 0 : 22560, 1, 2025/02/27, 10:12:08.732, 16973748293369, vstest.console.dll, CurrentDomainAssemblyResolve: Failed to resolve assembly 'Microsoft.Bcl.AsyncInterfaces'.
TpTrace Warning: 0 : 22560, 1, 2025/02/27, 10:12:08.741, 16973748386876, vstest.console.dll, TestPluginDiscoverer: Failed to get types from assembly 'Microsoft.Diagnostics.NETCore.Client, Version=0.2.10.30701, Culture=neutral, PublicKeyToken=31bf3856ad364e35'. Error: System.Reflection.ReflectionTypeLoadException: Unable to load one or more of the requested types.
Could not load file or assembly 'Microsoft.Bcl.AsyncInterfaces, Version=6.0.0.0, Culture=neutral, PublicKeyToken=cc7b13ffcd2ddd51'. O sistema não pode encontrar o arquivo especificado.
   at System.Reflection.RuntimeModule.GetTypes(RuntimeModule module)
   at System.Reflection.RuntimeModule.GetTypes()
   at Microsoft.VisualStudio.TestPlatform.Common.ExtensionFramework.TestPluginDiscoverer.GetTestExtensionsFromAssembly[TPluginInfo,TExtension](Assembly assembly, Dictionary`2 pluginInfos, String filePath) in /_/src/Microsoft.TestPlatform.Common/ExtensionFramework/TestPluginDiscoverer.cs:line 158
System.IO.FileNotFoundException: Could not load file or assembly 'Microsoft.Bcl.AsyncInterfaces, Version=6.0.0.0, Culture=neutral, PublicKeyToken=cc7b13ffcd2ddd51'. O sistema não pode encontrar o arquivo especificado.
File name: 'Microsoft.Bcl.AsyncInterfaces, Version=6.0.0.0, Culture=neutral, PublicKeyToken=cc7b13ffcd2ddd51'
 ---> System.IO.FileNotFoundException: Could not load file or assembly 'Microsoft.Bcl.AsyncInterfaces, Culture=neutral, PublicKeyToken=null'. O sistema não pode encontrar o arquivo especificado.
File name: 'Microsoft.Bcl.AsyncInterfaces, Culture=neutral, PublicKeyToken=null'
   at System.Reflection.RuntimeAssembly.InternalLoad(AssemblyName assemblyName, StackCrawlMark& stackMark, AssemblyLoadContext assemblyLoadContext, RuntimeAssembly requestingAssembly, Boolean throwOnFileNotFound)
   at System.Reflection.Assembly.Load(AssemblyName assemblyRef)
   at Microsoft.VisualStudio.TestPlatform.Common.ExtensionFramework.TestPluginCache.CurrentDomainAssemblyResolve(Object sender, AssemblyResolveEventArgs args) in /_/src/Microsoft.TestPlatform.Common/ExtensionFramework/TestPluginCache.cs:line 513
   at System.Runtime.Loader.AssemblyLoadContext.GetFirstResolvedAssemblyFromResolvingEvent(AssemblyName assemblyName)
   at System.Runtime.Loader.AssemblyLoadContext.ResolveUsingEvent(AssemblyName assemblyName)
   at System.Runtime.Loader.AssemblyLoadContext.ResolveUsingResolvingEvent(IntPtr gchManagedAssemblyLoadContext, AssemblyName assemblyName)
TpTrace Warning: 0 : 22560, 1, 2025/02/27, 10:12:08.741, 16973748391032, vstest.console.dll, LoaderExceptions: System.IO.FileNotFoundException: Could not load file or assembly 'Microsoft.Bcl.AsyncInterfaces, Version=6.0.0.0, Culture=neutral, PublicKeyToken=cc7b13ffcd2ddd51'. O sistema não pode encontrar o arquivo especificado.
File name: 'Microsoft.Bcl.AsyncInterfaces, Version=6.0.0.0, Culture=neutral, PublicKeyToken=cc7b13ffcd2ddd51'
 ---> System.IO.FileNotFoundException: Could not load file or assembly 'Microsoft.Bcl.AsyncInterfaces, Culture=neutral, PublicKeyToken=null'. O sistema não pode encontrar o arquivo especificado.
File name: 'Microsoft.Bcl.AsyncInterfaces, Culture=neutral, PublicKeyToken=null'
   at System.Reflection.RuntimeAssembly.InternalLoad(AssemblyName assemblyName, StackCrawlMark& stackMark, AssemblyLoadContext assemblyLoadContext, RuntimeAssembly requestingAssembly, Boolean throwOnFileNotFound)
   at System.Reflection.Assembly.Load(AssemblyName assemblyRef)
   at Microsoft.VisualStudio.TestPlatform.Common.ExtensionFramework.TestPluginCache.CurrentDomainAssemblyResolve(Object sender, AssemblyResolveEventArgs args) in /_/src/Microsoft.TestPlatform.Common/ExtensionFramework/TestPluginCache.cs:line 513
   at System.Runtime.Loader.AssemblyLoadContext.GetFirstResolvedAssemblyFromResolvingEvent(AssemblyName assemblyName)
   at System.Runtime.Loader.AssemblyLoadContext.ResolveUsingEvent(AssemblyName assemblyName)
   at System.Runtime.Loader.AssemblyLoadContext.ResolveUsingResolvingEvent(IntPtr gchManagedAssemblyLoadContext, AssemblyName assemblyName)
TpTrace Information: 0 : 22560, 1, 2025/02/27, 10:12:08.742, 16973748393144, vstest.console.dll, AssemblyResolver.OnResolve: Microsoft.TestPlatform.Extensions.BlameDataCollector: Resolving assembly.
TpTrace Information: 0 : 22560, 1, 2025/02/27, 10:12:08.742, 16973748394041, vstest.console.dll, AssemblyResolver.OnResolve: Microsoft.TestPlatform.Extensions.BlameDataCollector: Searching in: 'C:\Program Files\dotnet\sdk\8.0.400\Extensions'.
TpTrace Information: 0 : 22560, 1, 2025/02/27, 10:12:08.742, 16973748398447, vstest.console.dll, AssemblyResolver.OnResolve: Microsoft.TestPlatform.Extensions.BlameDataCollector: Loading assembly 'C:\Program Files\dotnet\sdk\8.0.400\Extensions\Microsoft.TestPlatform.Extensions.BlameDataCollector.dll'.
TpTrace Information: 0 : 22560, 1, 2025/02/27, 10:12:08.743, 16973748405200, vstest.console.dll, AssemblyResolver.OnResolve: Resolved assembly: Microsoft.TestPlatform.Extensions.BlameDataCollector, from path: C:\Program Files\dotnet\sdk\8.0.400\Extensions\Microsoft.TestPlatform.Extensions.BlameDataCollector.dll
TpTrace Verbose: 0 : 22560, 1, 2025/02/27, 10:12:08.743, 16973748405939, vstest.console.dll, MetadataReaderExtensionsHelper: Discovering extensions inside assembly 'Microsoft.TestPlatform.Extensions.BlameDataCollector, Version=15.0.0.0, Culture=neutral, PublicKeyToken=b03f5f7f11d50a3a' file path 'C:\Program Files\dotnet\sdk\8.0.400\Extensions\Microsoft.TestPlatform.Extensions.BlameDataCollector.dll'
TpTrace Information: 0 : 22560, 1, 2025/02/27, 10:12:08.744, 16973748416246, vstest.console.dll, AssemblyResolver.OnResolve: Microsoft.TestPlatform.Extensions.EventLogCollector: Resolving assembly.
TpTrace Information: 0 : 22560, 1, 2025/02/27, 10:12:08.744, 16973748416907, vstest.console.dll, AssemblyResolver.OnResolve: Microsoft.TestPlatform.Extensions.EventLogCollector: Searching in: 'C:\Program Files\dotnet\sdk\8.0.400\Extensions'.
TpTrace Information: 0 : 22560, 1, 2025/02/27, 10:12:08.744, 16973748419577, vstest.console.dll, AssemblyResolver.OnResolve: Microsoft.TestPlatform.Extensions.EventLogCollector: Loading assembly 'C:\Program Files\dotnet\sdk\8.0.400\Extensions\Microsoft.TestPlatform.Extensions.EventLogCollector.dll'.
TpTrace Information: 0 : 22560, 1, 2025/02/27, 10:12:08.745, 16973748424835, vstest.console.dll, AssemblyResolver.OnResolve: Resolved assembly: Microsoft.TestPlatform.Extensions.EventLogCollector, from path: C:\Program Files\dotnet\sdk\8.0.400\Extensions\Microsoft.TestPlatform.Extensions.EventLogCollector.dll
TpTrace Verbose: 0 : 22560, 1, 2025/02/27, 10:12:08.745, 16973748425416, vstest.console.dll, MetadataReaderExtensionsHelper: Discovering extensions inside assembly 'Microsoft.TestPlatform.Extensions.EventLogCollector, Version=15.0.0.0, Culture=neutral, PublicKeyToken=b03f5f7f11d50a3a' file path 'C:\Program Files\dotnet\sdk\8.0.400\Extensions\Microsoft.TestPlatform.Extensions.EventLogCollector.dll'
TpTrace Information: 0 : 22560, 1, 2025/02/27, 10:12:08.747, 16973748443514, vstest.console.dll, AssemblyResolver.OnResolve: Microsoft.TestPlatform.TestHostRuntimeProvider: Resolving assembly.
TpTrace Information: 0 : 22560, 1, 2025/02/27, 10:12:08.747, 16973748444190, vstest.console.dll, AssemblyResolver.OnResolve: Microsoft.TestPlatform.TestHostRuntimeProvider: Searching in: 'C:\Program Files\dotnet\sdk\8.0.400\Extensions'.
TpTrace Information: 0 : 22560, 1, 2025/02/27, 10:12:08.747, 16973748446238, vstest.console.dll, AssemblyResolver.OnResolve: Microsoft.TestPlatform.TestHostRuntimeProvider: Loading assembly 'C:\Program Files\dotnet\sdk\8.0.400\Extensions\Microsoft.TestPlatform.TestHostRuntimeProvider.dll'.
TpTrace Information: 0 : 22560, 1, 2025/02/27, 10:12:08.747, 16973748450741, vstest.console.dll, AssemblyResolver.OnResolve: Resolved assembly: Microsoft.TestPlatform.TestHostRuntimeProvider, from path: C:\Program Files\dotnet\sdk\8.0.400\Extensions\Microsoft.TestPlatform.TestHostRuntimeProvider.dll
TpTrace Verbose: 0 : 22560, 1, 2025/02/27, 10:12:08.747, 16973748451261, vstest.console.dll, MetadataReaderExtensionsHelper: Discovering extensions inside assembly 'Microsoft.TestPlatform.TestHostRuntimeProvider, Version=15.0.0.0, Culture=neutral, PublicKeyToken=b03f5f7f11d50a3a' file path 'C:\Program Files\dotnet\sdk\8.0.400\Extensions\Microsoft.TestPlatform.TestHostRuntimeProvider.dll'
TpTrace Information: 0 : 22560, 1, 2025/02/27, 10:12:08.749, 16973748462694, vstest.console.dll, GetTestExtensionFromType: Register extension with identifier data 'HostProvider://DefaultTestHost' and type 'Microsoft.VisualStudio.TestPlatform.CrossPlatEngine.Hosting.DefaultTestHostManager, Microsoft.TestPlatform.TestHostRuntimeProvider, Version=15.0.0.0, Culture=neutral, PublicKeyToken=b03f5f7f11d50a3a' inside file 'C:\Program Files\dotnet\sdk\8.0.400\Extensions\Microsoft.TestPlatform.TestHostRuntimeProvider.dll'
TpTrace Information: 0 : 22560, 1, 2025/02/27, 10:12:08.749, 16973748464709, vstest.console.dll, GetTestExtensionFromType: Register extension with identifier data 'HostProvider://DotnetTestHost' and type 'Microsoft.VisualStudio.TestPlatform.CrossPlatEngine.Hosting.DotnetTestHostManager, Microsoft.TestPlatform.TestHostRuntimeProvider, Version=15.0.0.0, Culture=neutral, PublicKeyToken=b03f5f7f11d50a3a' inside file 'C:\Program Files\dotnet\sdk\8.0.400\Extensions\Microsoft.TestPlatform.TestHostRuntimeProvider.dll'
TpTrace Information: 0 : 22560, 1, 2025/02/27, 10:12:08.749, 16973748465397, vstest.console.dll, AssemblyResolver.OnResolve: Microsoft.VisualStudio.TestPlatform.Extensions.Html.TestLogger: Resolving assembly.
TpTrace Information: 0 : 22560, 1, 2025/02/27, 10:12:08.749, 16973748465746, vstest.console.dll, AssemblyResolver.OnResolve: Microsoft.VisualStudio.TestPlatform.Extensions.Html.TestLogger: Searching in: 'C:\Program Files\dotnet\sdk\8.0.400\Extensions'.
TpTrace Information: 0 : 22560, 1, 2025/02/27, 10:12:08.749, 16973748468089, vstest.console.dll, AssemblyResolver.OnResolve: Microsoft.VisualStudio.TestPlatform.Extensions.Html.TestLogger: Loading assembly 'C:\Program Files\dotnet\sdk\8.0.400\Extensions\Microsoft.VisualStudio.TestPlatform.Extensions.Html.TestLogger.dll'.
TpTrace Information: 0 : 22560, 1, 2025/02/27, 10:12:08.750, 16973748473684, vstest.console.dll, AssemblyResolver.OnResolve: Resolved assembly: Microsoft.VisualStudio.TestPlatform.Extensions.Html.TestLogger, from path: C:\Program Files\dotnet\sdk\8.0.400\Extensions\Microsoft.VisualStudio.TestPlatform.Extensions.Html.TestLogger.dll
TpTrace Verbose: 0 : 22560, 1, 2025/02/27, 10:12:08.750, 16973748474357, vstest.console.dll, MetadataReaderExtensionsHelper: Discovering extensions inside assembly 'Microsoft.VisualStudio.TestPlatform.Extensions.Html.TestLogger, Version=15.0.0.0, Culture=neutral, PublicKeyToken=b03f5f7f11d50a3a' file path 'C:\Program Files\dotnet\sdk\8.0.400\Extensions\Microsoft.VisualStudio.TestPlatform.Extensions.Html.TestLogger.dll'
TpTrace Information: 0 : 22560, 1, 2025/02/27, 10:12:08.751, 16973748486187, vstest.console.dll, AssemblyResolver.OnResolve: Microsoft.VisualStudio.TestPlatform.Extensions.Trx.TestLogger: Resolving assembly.
TpTrace Information: 0 : 22560, 1, 2025/02/27, 10:12:08.751, 16973748487036, vstest.console.dll, AssemblyResolver.OnResolve: Microsoft.VisualStudio.TestPlatform.Extensions.Trx.TestLogger: Searching in: 'C:\Program Files\dotnet\sdk\8.0.400\Extensions'.
TpTrace Information: 0 : 22560, 1, 2025/02/27, 10:12:08.751, 16973748489842, vstest.console.dll, AssemblyResolver.OnResolve: Microsoft.VisualStudio.TestPlatform.Extensions.Trx.TestLogger: Loading assembly 'C:\Program Files\dotnet\sdk\8.0.400\Extensions\Microsoft.VisualStudio.TestPlatform.Extensions.Trx.TestLogger.dll'.
TpTrace Information: 0 : 22560, 1, 2025/02/27, 10:12:08.752, 16973748496468, vstest.console.dll, AssemblyResolver.OnResolve: Resolved assembly: Microsoft.VisualStudio.TestPlatform.Extensions.Trx.TestLogger, from path: C:\Program Files\dotnet\sdk\8.0.400\Extensions\Microsoft.VisualStudio.TestPlatform.Extensions.Trx.TestLogger.dll
TpTrace Verbose: 0 : 22560, 1, 2025/02/27, 10:12:08.752, 16973748497081, vstest.console.dll, MetadataReaderExtensionsHelper: Discovering extensions inside assembly 'Microsoft.VisualStudio.TestPlatform.Extensions.Trx.TestLogger, Version=15.0.0.0, Culture=neutral, PublicKeyToken=b03f5f7f11d50a3a' file path 'C:\Program Files\dotnet\sdk\8.0.400\Extensions\Microsoft.VisualStudio.TestPlatform.Extensions.Trx.TestLogger.dll'
TpTrace Verbose: 0 : 22560, 1, 2025/02/27, 10:12:08.753, 16973748505517, vstest.console.dll, TestPluginCache: Discovered the extensions using extension path ''.
TpTrace Verbose: 0 : 22560, 1, 2025/02/27, 10:12:08.753, 16973748506206, vstest.console.dll, TestPluginCache: Discoverers are ''.
TpTrace Verbose: 0 : 22560, 1, 2025/02/27, 10:12:08.753, 16973748506378, vstest.console.dll, TestPluginCache: Executors are ''.
TpTrace Verbose: 0 : 22560, 1, 2025/02/27, 10:12:08.753, 16973748506524, vstest.console.dll, TestPluginCache: Executors2 are ''.
TpTrace Verbose: 0 : 22560, 1, 2025/02/27, 10:12:08.753, 16973748506667, vstest.console.dll, TestPluginCache: Setting providers are ''.
TpTrace Verbose: 0 : 22560, 1, 2025/02/27, 10:12:08.753, 16973748506811, vstest.console.dll, TestPluginCache: Loggers are ''.
TpTrace Verbose: 0 : 22560, 1, 2025/02/27, 10:12:08.753, 16973748507388, vstest.console.dll, TestPluginCache: TestHosts are 'HostProvider://DefaultTestHost,HostProvider://DotnetTestHost'.
TpTrace Verbose: 0 : 22560, 1, 2025/02/27, 10:12:08.753, 16973748507592, vstest.console.dll, TestPluginCache: DataCollectors are ''.
TpTrace Information: 0 : 22560, 1, 2025/02/27, 10:12:08.763, 16973748607874, vstest.console.dll, RunTestsArgumentProcessor:Execute: Test run is starting.
TpTrace Verbose: 0 : 22560, 1, 2025/02/27, 10:12:08.763, 16973748608832, vstest.console.dll, RunTestsArgumentProcessor:Execute: Queuing Test run.
TpTrace Information: 0 : 22560, 1, 2025/02/27, 10:12:08.763, 16973748610381, vstest.console.dll, TestRequestManager.RunTests: run tests started.
TpTrace Information: 0 : 22560, 1, 2025/02/27, 10:12:08.764, 16973748620312, vstest.console.dll, AssemblyMetadataProvider.GetFrameworkName: Determined framework:'.NETCoreApp,Version=v6.0' for source: 'C:\Users\Premiersoft\Documents\ARQ\Alberto\TesteAlberto\Questao5\bin\Debug\net6.0\fine-code-coverage\build-output\Questao5.dll'
TpTrace Information: 0 : 22560, 1, 2025/02/27, 10:12:08.765, 16973748621705, vstest.console.dll, Determined framework for all sources: .NETCoreApp,Version=v6.0
TpTrace Verbose: 0 : 22560, 1, 2025/02/27, 10:12:08.765, 16973748624274, vstest.console.dll, TestRequestManager.UpdateRunSettingsIfRequired: Default architecture: X64 IsDefaultTargetArchitecture: True, Current process architecture: X64 OperatingSystem: Windows.
TpTrace Information: 0 : 22560, 1, 2025/02/27, 10:12:08.766, 16973748636718, vstest.console.dll, AssemblyMetadataProvider.GetArchitecture: Determined architecture:AnyCPU info for assembly: C:\Users\Premiersoft\Documents\ARQ\Alberto\TesteAlberto\Questao5\bin\Debug\net6.0\fine-code-coverage\build-output\Questao5.dll
TpTrace Information: 0 : 22560, 1, 2025/02/27, 10:12:08.766, 16973748637269, vstest.console.dll, Determined platform for source 'C:\Users\Premiersoft\Documents\ARQ\Alberto\TesteAlberto\Questao5\bin\Debug\net6.0\fine-code-coverage\build-output\Questao5.dll' was AnyCPU and it will use the default plaform X64.
TpTrace Information: 0 : 22560, 1, 2025/02/27, 10:12:08.766, 16973748637447, vstest.console.dll, None of the sources provided any runnable platform, using the default platform: X64
TpTrace Information: 0 : 22560, 1, 2025/02/27, 10:12:08.766, 16973748638209, vstest.console.dll, Platform was updated to 'X64'.
TpTrace Information: 0 : 22560, 1, 2025/02/27, 10:12:08.769, 16973748667314, vstest.console.dll, InferRunSettingsHelper.IsTestSettingsEnabled: Unable to navigate to RunSettings/MSTest. Current node: RunSettings
TpTrace Information: 0 : 22560, 1, 2025/02/27, 10:12:08.770, 16973748673955, vstest.console.dll, AssemblyResolver.OnResolve: Microsoft.VisualStudio.TestPlatform.Fakes: Resolving assembly.
TpTrace Information: 0 : 22560, 1, 2025/02/27, 10:12:08.770, 16973748674918, vstest.console.dll, AssemblyResolver.OnResolve: Microsoft.VisualStudio.TestPlatform.Fakes: Searching in: 'C:\Program Files\dotnet\sdk\8.0.400\Extensions'.
TpTrace Information: 0 : 22560, 1, 2025/02/27, 10:12:08.770, 16973748676044, vstest.console.dll, AssemblyResolver.OnResolve: Microsoft.VisualStudio.TestPlatform.Fakes: Assembly path does not exist: 'C:\Program Files\dotnet\sdk\8.0.400\Extensions\Microsoft.VisualStudio.TestPlatform.Fakes.dll', returning.
TpTrace Information: 0 : 22560, 1, 2025/02/27, 10:12:08.770, 16973748676522, vstest.console.dll, AssemblyResolver.OnResolve: Microsoft.VisualStudio.TestPlatform.Fakes: Assembly path does not exist: 'C:\Program Files\dotnet\sdk\8.0.400\Extensions\Microsoft.VisualStudio.TestPlatform.Fakes.exe', returning.
TpTrace Information: 0 : 22560, 1, 2025/02/27, 10:12:08.770, 16973748676697, vstest.console.dll, AssemblyResolver.OnResolve: Microsoft.VisualStudio.TestPlatform.Fakes: Searching in: 'C:\Program Files\dotnet\sdk\8.0.400'.
TpTrace Information: 0 : 22560, 1, 2025/02/27, 10:12:08.770, 16973748677129, vstest.console.dll, AssemblyResolver.OnResolve: Microsoft.VisualStudio.TestPlatform.Fakes: Assembly path does not exist: 'C:\Program Files\dotnet\sdk\8.0.400\Microsoft.VisualStudio.TestPlatform.Fakes.dll', returning.
TpTrace Information: 0 : 22560, 1, 2025/02/27, 10:12:08.770, 16973748677473, vstest.console.dll, AssemblyResolver.OnResolve: Microsoft.VisualStudio.TestPlatform.Fakes: Assembly path does not exist: 'C:\Program Files\dotnet\sdk\8.0.400\Microsoft.VisualStudio.TestPlatform.Fakes.exe', returning.
TpTrace Information: 0 : 22560, 1, 2025/02/27, 10:12:08.770, 16973748677733, vstest.console.dll, AssemblyResolver.OnResolve: Microsoft.VisualStudio.TestPlatform.Fakes: Failed to load assembly.
TpTrace Information: 0 : 22560, 1, 2025/02/27, 10:12:08.770, 16973748679957, vstest.console.dll, Failed to load assembly Microsoft.VisualStudio.TestPlatform.Fakes, Version=17.0.0.0, Culture=neutral. Reason:System.IO.FileNotFoundException: Could not load file or assembly 'Microsoft.VisualStudio.TestPlatform.Fakes, Version=17.0.0.0, Culture=neutral, PublicKeyToken=null'. O sistema não pode encontrar o arquivo especificado.
File name: 'Microsoft.VisualStudio.TestPlatform.Fakes, Version=17.0.0.0, Culture=neutral, PublicKeyToken=null'
   at System.Reflection.RuntimeAssembly.InternalLoad(AssemblyName assemblyName, StackCrawlMark& stackMark, AssemblyLoadContext assemblyLoadContext, RuntimeAssembly requestingAssembly, Boolean throwOnFileNotFound)
   at System.Reflection.Assembly.Load(AssemblyName assemblyRef)
   at Microsoft.VisualStudio.TestPlatform.Common.Utilities.FakesUtilities.LoadTestPlatformAssembly() in /_/src/Microsoft.TestPlatform.Common/Utilities/FakesUtilities.cs:line 272
TpTrace Verbose: 0 : 22560, 1, 2025/02/27, 10:12:08.773, 16973748708606, vstest.console.dll, TestPluginCache.DiscoverTestExtensions: finding test extensions in assemblies ends with: TestLogger.dll TPluginInfo: Microsoft.VisualStudio.TestPlatform.Common.ExtensionFramework.Utilities.TestLoggerPluginInformation TExtension: Microsoft.VisualStudio.TestPlatform.ObjectModel.Client.ITestLogger
TpTrace Verbose: 0 : 22560, 1, 2025/02/27, 10:12:08.773, 16973748709598, vstest.console.dll, TestPluginCache.GetExtensionPaths: Filtered extension paths: 
TpTrace Verbose: 0 : 22560, 1, 2025/02/27, 10:12:08.773, 16973748709847, vstest.console.dll, TestPluginCache.GetExtensionPaths: Added default extension paths: C:\Program Files\dotnet\sdk\8.0.400\Extensions\Microsoft.Diagnostics.NETCore.Client.dll
C:\Program Files\dotnet\sdk\8.0.400\Extensions\Microsoft.TestPlatform.Extensions.BlameDataCollector.dll
C:\Program Files\dotnet\sdk\8.0.400\Extensions\Microsoft.TestPlatform.Extensions.EventLogCollector.dll
C:\Program Files\dotnet\sdk\8.0.400\Extensions\Microsoft.TestPlatform.TestHostRuntimeProvider.dll
C:\Program Files\dotnet\sdk\8.0.400\Extensions\Microsoft.VisualStudio.TestPlatform.Extensions.Html.TestLogger.dll
C:\Program Files\dotnet\sdk\8.0.400\Extensions\Microsoft.VisualStudio.TestPlatform.Extensions.Trx.TestLogger.dll
TpTrace Verbose: 0 : 22560, 1, 2025/02/27, 10:12:08.773, 16973748710026, vstest.console.dll, TestPluginCache.GetExtensionPaths: Added unfilterableExtensionPaths: 
TpTrace Information: 0 : 22560, 1, 2025/02/27, 10:12:08.773, 16973748711238, vstest.console.dll, AssemblyResolver.AddSearchDirectories: Adding more searchDirectories C:\Program Files\dotnet\sdk\8.0.400\Extensions,C:\Program Files\dotnet\sdk\8.0.400
TpTrace Verbose: 0 : 22560, 1, 2025/02/27, 10:12:08.774, 16973748711558, vstest.console.dll, TestPluginCache.DiscoverTestExtensions: Discovering the extensions using extension path.
TpTrace Verbose: 0 : 22560, 1, 2025/02/27, 10:12:08.774, 16973748711771, vstest.console.dll, TestPluginCache.GetExtensionPaths: Filtered extension paths: 
TpTrace Verbose: 0 : 22560, 1, 2025/02/27, 10:12:08.774, 16973748711972, vstest.console.dll, TestPluginCache.GetExtensionPaths: Added default extension paths: C:\Program Files\dotnet\sdk\8.0.400\Extensions\Microsoft.Diagnostics.NETCore.Client.dll
C:\Program Files\dotnet\sdk\8.0.400\Extensions\Microsoft.TestPlatform.Extensions.BlameDataCollector.dll
C:\Program Files\dotnet\sdk\8.0.400\Extensions\Microsoft.TestPlatform.Extensions.EventLogCollector.dll
C:\Program Files\dotnet\sdk\8.0.400\Extensions\Microsoft.TestPlatform.TestHostRuntimeProvider.dll
C:\Program Files\dotnet\sdk\8.0.400\Extensions\Microsoft.VisualStudio.TestPlatform.Extensions.Html.TestLogger.dll
C:\Program Files\dotnet\sdk\8.0.400\Extensions\Microsoft.VisualStudio.TestPlatform.Extensions.Trx.TestLogger.dll
TpTrace Verbose: 0 : 22560, 1, 2025/02/27, 10:12:08.774, 16973748712145, vstest.console.dll, TestPluginCache.GetExtensionPaths: Added unfilterableExtensionPaths: 
TpTrace Verbose: 0 : 22560, 1, 2025/02/27, 10:12:08.774, 16973748712798, vstest.console.dll, TestPluginCache.DiscoverTestExtensions: Discovering the extensions using allExtensionPaths: C:\Program Files\dotnet\sdk\8.0.400\Extensions\Microsoft.Diagnostics.NETCore.Client.dll
C:\Program Files\dotnet\sdk\8.0.400\Extensions\Microsoft.TestPlatform.Extensions.BlameDataCollector.dll
C:\Program Files\dotnet\sdk\8.0.400\Extensions\Microsoft.TestPlatform.Extensions.EventLogCollector.dll
C:\Program Files\dotnet\sdk\8.0.400\Extensions\Microsoft.TestPlatform.TestHostRuntimeProvider.dll
C:\Program Files\dotnet\sdk\8.0.400\Extensions\Microsoft.VisualStudio.TestPlatform.Extensions.Html.TestLogger.dll
C:\Program Files\dotnet\sdk\8.0.400\Extensions\Microsoft.VisualStudio.TestPlatform.Extensions.Trx.TestLogger.dll
TpTrace Information: 0 : 22560, 1, 2025/02/27, 10:12:08.774, 16973748713149, vstest.console.dll, AssemblyResolver.AddSearchDirectories: Adding more searchDirectories C:\Program Files\dotnet\sdk\8.0.400\Extensions,C:\Program Files\dotnet\sdk\8.0.400
TpTrace Information: 0 : 22560, 1, 2025/02/27, 10:12:08.774, 16973748713349, vstest.console.dll, AssemblyResolver.AddSearchDirectories: Adding more searchDirectories C:\Program Files\dotnet\sdk\8.0.400\Extensions,C:\Program Files\dotnet\sdk\8.0.400
TpTrace Information: 0 : 22560, 1, 2025/02/27, 10:12:08.774, 16973748713582, vstest.console.dll, AssemblyResolver.AddSearchDirectories: Adding more searchDirectories C:\Program Files\dotnet\sdk\8.0.400\Extensions,C:\Program Files\dotnet\sdk\8.0.400
TpTrace Information: 0 : 22560, 1, 2025/02/27, 10:12:08.774, 16973748713751, vstest.console.dll, AssemblyResolver.AddSearchDirectories: Adding more searchDirectories C:\Program Files\dotnet\sdk\8.0.400\Extensions,C:\Program Files\dotnet\sdk\8.0.400
TpTrace Information: 0 : 22560, 1, 2025/02/27, 10:12:08.774, 16973748713923, vstest.console.dll, AssemblyResolver.AddSearchDirectories: Adding more searchDirectories C:\Program Files\dotnet\sdk\8.0.400\Extensions,C:\Program Files\dotnet\sdk\8.0.400
TpTrace Information: 0 : 22560, 1, 2025/02/27, 10:12:08.774, 16973748714126, vstest.console.dll, AssemblyResolver.AddSearchDirectories: Adding more searchDirectories C:\Program Files\dotnet\sdk\8.0.400\Extensions,C:\Program Files\dotnet\sdk\8.0.400
TpTrace Verbose: 0 : 22560, 1, 2025/02/27, 10:12:08.774, 16973748714908, vstest.console.dll, MetadataReaderExtensionsHelper: Discovering extensions inside assembly 'Microsoft.Diagnostics.NETCore.Client, Version=0.2.10.30701, Culture=neutral, PublicKeyToken=31bf3856ad364e35' file path 'C:\Program Files\dotnet\sdk\8.0.400\Extensions\Microsoft.Diagnostics.NETCore.Client.dll'
TpTrace Information: 0 : 22560, 1, 2025/02/27, 10:12:08.774, 16973748721211, vstest.console.dll, AssemblyResolver.OnResolve: Microsoft.Bcl.AsyncInterfaces: Resolving assembly.
TpTrace Information: 0 : 22560, 1, 2025/02/27, 10:12:08.775, 16973748721830, vstest.console.dll, AssemblyResolver.OnResolve: Microsoft.Bcl.AsyncInterfaces: Resolved from cache.
TpTrace Verbose: 0 : 22560, 1, 2025/02/27, 10:12:08.775, 16973748722014, vstest.console.dll, CurrentDomainAssemblyResolve: Resolving assembly 'Microsoft.Bcl.AsyncInterfaces'.
TpTrace Information: 0 : 22560, 1, 2025/02/27, 10:12:08.775, 16973748722319, vstest.console.dll, AssemblyResolver.OnResolve: Microsoft.Bcl.AsyncInterfaces: Resolving assembly.
TpTrace Information: 0 : 22560, 1, 2025/02/27, 10:12:08.775, 16973748722478, vstest.console.dll, AssemblyResolver.OnResolve: Microsoft.Bcl.AsyncInterfaces: Resolved from cache.
TpTrace Verbose: 0 : 22560, 1, 2025/02/27, 10:12:08.775, 16973748722656, vstest.console.dll, CurrentDomainAssemblyResolve: Resolving assembly 'Microsoft.Bcl.AsyncInterfaces'.
TpTrace Verbose: 0 : 22560, 1, 2025/02/27, 10:12:08.775, 16973748722805, vstest.console.dll, CurrentDomainAssemblyResolve: Failed to resolve assembly 'Microsoft.Bcl.AsyncInterfaces'.
TpTrace Verbose: 0 : 22560, 1, 2025/02/27, 10:12:08.775, 16973748723811, vstest.console.dll, CurrentDomainAssemblyResolve: Failed to resolve assembly 'Microsoft.Bcl.AsyncInterfaces'.
TpTrace Warning: 0 : 22560, 1, 2025/02/27, 10:12:08.775, 16973748726189, vstest.console.dll, TestPluginDiscoverer: Failed to get types from assembly 'Microsoft.Diagnostics.NETCore.Client, Version=0.2.10.30701, Culture=neutral, PublicKeyToken=31bf3856ad364e35'. Error: System.Reflection.ReflectionTypeLoadException: Unable to load one or more of the requested types.
Could not load file or assembly 'Microsoft.Bcl.AsyncInterfaces, Version=6.0.0.0, Culture=neutral, PublicKeyToken=cc7b13ffcd2ddd51'. O sistema não pode encontrar o arquivo especificado.
   at System.Reflection.RuntimeModule.GetTypes(RuntimeModule module)
   at System.Reflection.RuntimeModule.GetTypes()
   at Microsoft.VisualStudio.TestPlatform.Common.ExtensionFramework.TestPluginDiscoverer.GetTestExtensionsFromAssembly[TPluginInfo,TExtension](Assembly assembly, Dictionary`2 pluginInfos, String filePath) in /_/src/Microsoft.TestPlatform.Common/ExtensionFramework/TestPluginDiscoverer.cs:line 158
System.IO.FileNotFoundException: Could not load file or assembly 'Microsoft.Bcl.AsyncInterfaces, Version=6.0.0.0, Culture=neutral, PublicKeyToken=cc7b13ffcd2ddd51'. O sistema não pode encontrar o arquivo especificado.
File name: 'Microsoft.Bcl.AsyncInterfaces, Version=6.0.0.0, Culture=neutral, PublicKeyToken=cc7b13ffcd2ddd51'
 ---> System.IO.FileNotFoundException: Could not load file or assembly 'Microsoft.Bcl.AsyncInterfaces, Culture=neutral, PublicKeyToken=null'. O sistema não pode encontrar o arquivo especificado.
File name: 'Microsoft.Bcl.AsyncInterfaces, Culture=neutral, PublicKeyToken=null'
   at System.Reflection.RuntimeAssembly.InternalLoad(AssemblyName assemblyName, StackCrawlMark& stackMark, AssemblyLoadContext assemblyLoadContext, RuntimeAssembly requestingAssembly, Boolean throwOnFileNotFound)
   at System.Reflection.Assembly.Load(AssemblyName assemblyRef)
   at Microsoft.VisualStudio.TestPlatform.Common.ExtensionFramework.TestPluginCache.CurrentDomainAssemblyResolve(Object sender, AssemblyResolveEventArgs args) in /_/src/Microsoft.TestPlatform.Common/ExtensionFramework/TestPluginCache.cs:line 513
   at System.Runtime.Loader.AssemblyLoadContext.GetFirstResolvedAssemblyFromResolvingEvent(AssemblyName assemblyName)
   at System.Runtime.Loader.AssemblyLoadContext.ResolveUsingEvent(AssemblyName assemblyName)
   at System.Runtime.Loader.AssemblyLoadContext.ResolveUsingResolvingEvent(IntPtr gchManagedAssemblyLoadContext, AssemblyName assemblyName)
TpTrace Warning: 0 : 22560, 1, 2025/02/27, 10:12:08.775, 16973748727287, vstest.console.dll, LoaderExceptions: System.IO.FileNotFoundException: Could not load file or assembly 'Microsoft.Bcl.AsyncInterfaces, Version=6.0.0.0, Culture=neutral, PublicKeyToken=cc7b13ffcd2ddd51'. O sistema não pode encontrar o arquivo especificado.
File name: 'Microsoft.Bcl.AsyncInterfaces, Version=6.0.0.0, Culture=neutral, PublicKeyToken=cc7b13ffcd2ddd51'
 ---> System.IO.FileNotFoundException: Could not load file or assembly 'Microsoft.Bcl.AsyncInterfaces, Culture=neutral, PublicKeyToken=null'. O sistema não pode encontrar o arquivo especificado.
File name: 'Microsoft.Bcl.AsyncInterfaces, Culture=neutral, PublicKeyToken=null'
   at System.Reflection.RuntimeAssembly.InternalLoad(AssemblyName assemblyName, StackCrawlMark& stackMark, AssemblyLoadContext assemblyLoadContext, RuntimeAssembly requestingAssembly, Boolean throwOnFileNotFound)
   at System.Reflection.Assembly.Load(AssemblyName assemblyRef)
   at Microsoft.VisualStudio.TestPlatform.Common.ExtensionFramework.TestPluginCache.CurrentDomainAssemblyResolve(Object sender, AssemblyResolveEventArgs args) in /_/src/Microsoft.TestPlatform.Common/ExtensionFramework/TestPluginCache.cs:line 513
   at System.Runtime.Loader.AssemblyLoadContext.GetFirstResolvedAssemblyFromResolvingEvent(AssemblyName assemblyName)
   at System.Runtime.Loader.AssemblyLoadContext.ResolveUsingEvent(AssemblyName assemblyName)
   at System.Runtime.Loader.AssemblyLoadContext.ResolveUsingResolvingEvent(IntPtr gchManagedAssemblyLoadContext, AssemblyName assemblyName)
TpTrace Verbose: 0 : 22560, 1, 2025/02/27, 10:12:08.775, 16973748727830, vstest.console.dll, MetadataReaderExtensionsHelper: Discovering extensions inside assembly 'Microsoft.TestPlatform.Extensions.BlameDataCollector, Version=15.0.0.0, Culture=neutral, PublicKeyToken=b03f5f7f11d50a3a' file path 'C:\Program Files\dotnet\sdk\8.0.400\Extensions\Microsoft.TestPlatform.Extensions.BlameDataCollector.dll'
TpTrace Information: 0 : 22560, 1, 2025/02/27, 10:12:08.776, 16973748731817, vstest.console.dll, GetTestExtensionFromType: Register extension with identifier data 'logger://Microsoft/TestPlatform/Extensions/Blame/v1' and type 'Microsoft.TestPlatform.Extensions.BlameDataCollector.BlameLogger, Microsoft.TestPlatform.Extensions.BlameDataCollector, Version=15.0.0.0, Culture=neutral, PublicKeyToken=b03f5f7f11d50a3a' inside file 'C:\Program Files\dotnet\sdk\8.0.400\Extensions\Microsoft.TestPlatform.Extensions.BlameDataCollector.dll'
TpTrace Verbose: 0 : 22560, 1, 2025/02/27, 10:12:08.776, 16973748732354, vstest.console.dll, MetadataReaderExtensionsHelper: Discovering extensions inside assembly 'Microsoft.TestPlatform.Extensions.EventLogCollector, Version=15.0.0.0, Culture=neutral, PublicKeyToken=b03f5f7f11d50a3a' file path 'C:\Program Files\dotnet\sdk\8.0.400\Extensions\Microsoft.TestPlatform.Extensions.EventLogCollector.dll'
TpTrace Verbose: 0 : 22560, 1, 2025/02/27, 10:12:08.776, 16973748734456, vstest.console.dll, MetadataReaderExtensionsHelper: Discovering extensions inside assembly 'Microsoft.TestPlatform.TestHostRuntimeProvider, Version=15.0.0.0, Culture=neutral, PublicKeyToken=b03f5f7f11d50a3a' file path 'C:\Program Files\dotnet\sdk\8.0.400\Extensions\Microsoft.TestPlatform.TestHostRuntimeProvider.dll'
TpTrace Verbose: 0 : 22560, 1, 2025/02/27, 10:12:08.776, 16973748736558, vstest.console.dll, MetadataReaderExtensionsHelper: Discovering extensions inside assembly 'Microsoft.VisualStudio.TestPlatform.Extensions.Html.TestLogger, Version=15.0.0.0, Culture=neutral, PublicKeyToken=b03f5f7f11d50a3a' file path 'C:\Program Files\dotnet\sdk\8.0.400\Extensions\Microsoft.VisualStudio.TestPlatform.Extensions.Html.TestLogger.dll'
TpTrace Information: 0 : 22560, 1, 2025/02/27, 10:12:08.776, 16973748740283, vstest.console.dll, GetTestExtensionFromType: Register extension with identifier data 'logger://Microsoft/TestPlatform/HtmlLogger/v1' and type 'Microsoft.VisualStudio.TestPlatform.Extensions.HtmlLogger.HtmlLogger, Microsoft.VisualStudio.TestPlatform.Extensions.Html.TestLogger, Version=15.0.0.0, Culture=neutral, PublicKeyToken=b03f5f7f11d50a3a' inside file 'C:\Program Files\dotnet\sdk\8.0.400\Extensions\Microsoft.VisualStudio.TestPlatform.Extensions.Html.TestLogger.dll'
TpTrace Verbose: 0 : 22560, 1, 2025/02/27, 10:12:08.776, 16973748740754, vstest.console.dll, MetadataReaderExtensionsHelper: Discovering extensions inside assembly 'Microsoft.VisualStudio.TestPlatform.Extensions.Trx.TestLogger, Version=15.0.0.0, Culture=neutral, PublicKeyToken=b03f5f7f11d50a3a' file path 'C:\Program Files\dotnet\sdk\8.0.400\Extensions\Microsoft.VisualStudio.TestPlatform.Extensions.Trx.TestLogger.dll'
TpTrace Information: 0 : 22560, 1, 2025/02/27, 10:12:08.777, 16973748743090, vstest.console.dll, GetTestExtensionFromType: Register extension with identifier data 'logger://Microsoft/TestPlatform/TrxLogger/v1' and type 'Microsoft.VisualStudio.TestPlatform.Extensions.TrxLogger.TrxLogger, Microsoft.VisualStudio.TestPlatform.Extensions.Trx.TestLogger, Version=15.0.0.0, Culture=neutral, PublicKeyToken=b03f5f7f11d50a3a' inside file 'C:\Program Files\dotnet\sdk\8.0.400\Extensions\Microsoft.VisualStudio.TestPlatform.Extensions.Trx.TestLogger.dll'
TpTrace Verbose: 0 : 22560, 1, 2025/02/27, 10:12:08.777, 16973748743567, vstest.console.dll, TestPluginCache: Discovered the extensions using extension path ''.
TpTrace Verbose: 0 : 22560, 1, 2025/02/27, 10:12:08.777, 16973748743785, vstest.console.dll, TestPluginCache: Discoverers are ''.
TpTrace Verbose: 0 : 22560, 1, 2025/02/27, 10:12:08.777, 16973748743941, vstest.console.dll, TestPluginCache: Executors are ''.
TpTrace Verbose: 0 : 22560, 1, 2025/02/27, 10:12:08.777, 16973748744123, vstest.console.dll, TestPluginCache: Executors2 are ''.
TpTrace Verbose: 0 : 22560, 1, 2025/02/27, 10:12:08.777, 16973748744278, vstest.console.dll, TestPluginCache: Setting providers are ''.
TpTrace Verbose: 0 : 22560, 1, 2025/02/27, 10:12:08.777, 16973748744750, vstest.console.dll, TestPluginCache: Loggers are 'logger://Microsoft/TestPlatform/Extensions/Blame/v1,logger://Microsoft/TestPlatform/HtmlLogger/v1,logger://Microsoft/TestPlatform/TrxLogger/v1'.
TpTrace Verbose: 0 : 22560, 1, 2025/02/27, 10:12:08.777, 16973748744967, vstest.console.dll, TestPluginCache: TestHosts are 'HostProvider://DefaultTestHost,HostProvider://DotnetTestHost'.
TpTrace Verbose: 0 : 22560, 1, 2025/02/27, 10:12:08.777, 16973748745151, vstest.console.dll, TestPluginCache: DataCollectors are ''.
TpTrace Information: 0 : 22560, 1, 2025/02/27, 10:12:08.778, 16973748751482, vstest.console.dll, TestPluginManager.CreateTestExtension: Attempting to load test extension: Microsoft.TestPlatform.Extensions.BlameDataCollector.BlameLogger
TpTrace Verbose: 0 : 22560, 1, 2025/02/27, 10:12:08.785, 16973748823167, vstest.console.dll, TestEngine: Initializing Parallel Execution as MaxCpuCount is set to: 1
TpTrace Information: 0 : 22560, 1, 2025/02/27, 10:12:08.786, 16973748835603, vstest.console.dll, TestPluginManager.CreateTestExtension: Attempting to load test extension: Microsoft.VisualStudio.TestPlatform.CrossPlatEngine.Hosting.DefaultTestHostManager
TpTrace Information: 0 : 22560, 1, 2025/02/27, 10:12:08.787, 16973748845588, vstest.console.dll, TestPluginManager.CreateTestExtension: Attempting to load test extension: Microsoft.VisualStudio.TestPlatform.CrossPlatEngine.Hosting.DotnetTestHostManager
TpTrace Verbose: 0 : 22560, 1, 2025/02/27, 10:12:08.787, 16973748847554, vstest.console.dll, TestHostManagerCallbacks.ctor: Forwarding output is enabled.
TpTrace Information: 0 : 22560, 1, 2025/02/27, 10:12:08.787, 16973748850915, vstest.console.dll, InferRunSettingsHelper.IsTestSettingsEnabled: Unable to navigate to RunSettings/MSTest. Current node: RunSettings
TpTrace Verbose: 0 : 22560, 1, 2025/02/27, 10:12:08.788, 16973748855487, vstest.console.dll, ParallelOperationManager.ClearSlots: Clearing all slots. Slots should accept more work: True
TpTrace Verbose: 0 : 22560, 1, 2025/02/27, 10:12:08.788, 16973748860367, vstest.console.dll, ParallelOperationManager.SetOccupiedSlotCount: Setting slot counts AvailableSlotCount = 1, OccupiedSlotCount = 0.
TpTrace Verbose: 0 : 22560, 1, 2025/02/27, 10:12:08.789, 16973748862869, vstest.console.dll, Occupied slots:

TpTrace Verbose: 0 : 22560, 1, 2025/02/27, 10:12:08.791, 16973748889931, vstest.console.dll, TestEngine.GetExecutionManager: Chosen execution manager 'Microsoft.VisualStudio.TestPlatform.CrossPlatEngine.Client.Parallel.ParallelProxyExecutionManager, Microsoft.TestPlatform.CrossPlatEngine, Version=15.0.0.0, Culture=neutral, PublicKeyToken=b03f5f7f11d50a3a' ParallelLevel '1'.
TpTrace Verbose: 0 : 22560, 1, 2025/02/27, 10:12:08.792, 16973748891986, vstest.console.dll, TestPlatform.GetSkipDefaultAdapters: Not skipping default adapters SkipDefaultAdapters was false.
TpTrace Verbose: 0 : 22560, 1, 2025/02/27, 10:12:08.792, 16973748892727, vstest.console.dll, TestRunRequest.ExecuteAsync: Creating test run request.
TpTrace Verbose: 0 : 22560, 1, 2025/02/27, 10:12:08.792, 16973748894408, vstest.console.dll, TestRunRequest.ExecuteAsync: Starting.
TpTrace Information: 0 : 22560, 1, 2025/02/27, 10:12:08.793, 16973748902751, vstest.console.dll, TestRunRequest.ExecuteAsync: Starting run with settings:TestRunCriteria:
   KeepAlive=False,FrequencyOfRunStatsChangeEvent=10,RunStatsChangeEventTimeout=00:00:01.5000000,TestCaseFilter=,TestExecutorLauncher=
   Settingsxml=<RunSettings>
  <RunConfiguration>
    <ResultsDirectory>C:\Users\Premiersoft\Documents\ARQ\Alberto\TesteAlberto\Questao5\bin\Debug\net6.0\fine-code-coverage\coverage-tool-output</ResultsDirectory>
    <TargetPlatform>X64</TargetPlatform>
    <TargetFrameworkVersion>.NETCoreApp,Version=v6.0</TargetFrameworkVersion>
    <DesignMode>False</DesignMode>
    <CollectSourceInformation>False</CollectSourceInformation>
  </RunConfiguration>
  <LoggerRunSettings>
    <Loggers>
      <Logger friendlyName="blame" enabled="True" />
      <Logger friendlyName="Console" uri="logger://microsoft/TestPlatform/ConsoleLogger/v1" assemblyQualifiedName="Microsoft.VisualStudio.TestPlatform.CommandLine.Internal.ConsoleLogger, vstest.console, Version=15.0.0.0, Culture=neutral, PublicKeyToken=b03f5f7f11d50a3a" codeBase="C:\Program Files\dotnet\sdk\8.0.400\vstest.console.dll" enabled="True" />
    </Loggers>
  </LoggerRunSettings>
  <DataCollectionRunSettings>
    <DataCollectors>
      <DataCollector friendlyName="blame" enabled="True">
        <Configuration>
          <ResultsDirectory>C:\Users\Premiersoft\Documents\ARQ\Alberto\TesteAlberto\Questao5\bin\Debug\net6.0\fine-code-coverage\coverage-tool-output</ResultsDirectory>
        </Configuration>
      </DataCollector>
    </DataCollectors>
  </DataCollectionRunSettings>
</RunSettings>

TpTrace Verbose: 0 : 22560, 1, 2025/02/27, 10:12:08.793, 16973748903324, vstest.console.dll, TestRunRequest.ExecuteAsync: Wait for the first run request is over.
TpTrace Verbose: 0 : 22560, 1, 2025/02/27, 10:12:08.793, 16973748905759, vstest.console.dll, MulticastDelegateUtilities.SafeInvoke: TestRun.TestRunStart: Invoking callbacks was skipped because there are no subscribers.
TpTrace Verbose: 0 : 22560, 4, 2025/02/27, 10:12:08.793, 16973748907757, vstest.console.dll, MulticastDelegateUtilities.SafeInvoke: InternalTestLoggerEvents.SendTestRunStart: Invoking callback 1/1 for Microsoft.VisualStudio.TestPlatform.CommandLine.Internal.ConsoleLogger., took 0 ms.
TpTrace Verbose: 0 : 22560, 1, 2025/02/27, 10:12:08.794, 16973748913782, vstest.console.dll, ParallelProxyExecutionManager: Start execution. Total sources: 1
TpTrace Verbose: 0 : 22560, 1, 2025/02/27, 10:12:08.794, 16973748917052, vstest.console.dll, ParallelOperationManager.StartWork: Starting adding 1 workloads.
TpTrace Verbose: 0 : 22560, 1, 2025/02/27, 10:12:08.794, 16973748917854, vstest.console.dll, ParallelOperationManager.ClearSlots: Clearing all slots. Slots should accept more work: True
TpTrace Verbose: 0 : 22560, 1, 2025/02/27, 10:12:08.794, 16973748918676, vstest.console.dll, ParallelOperationManager.SetOccupiedSlotCount: Setting slot counts AvailableSlotCount = 1, OccupiedSlotCount = 0.
TpTrace Verbose: 0 : 22560, 1, 2025/02/27, 10:12:08.794, 16973748919132, vstest.console.dll, Occupied slots:

TpTrace Verbose: 0 : 22560, 1, 2025/02/27, 10:12:08.795, 16973748930075, vstest.console.dll, TestHostManagerCallbacks.ctor: Forwarding output is enabled.
TpTrace Verbose: 0 : 22560, 1, 2025/02/27, 10:12:08.796, 16973748932378, vstest.console.dll, TestRequestSender is acting as server.
TpTrace Verbose: 0 : 22560, 1, 2025/02/27, 10:12:08.797, 16973748941981, vstest.console.dll, ParallelOperationManager.RunWorkInParallel: Adding 1 workload to slot, remaining workloads 0.
TpTrace Verbose: 0 : 22560, 1, 2025/02/27, 10:12:08.797, 16973748942722, vstest.console.dll, ParallelOperationManager.SetOccupiedSlotCount: Setting slot counts AvailableSlotCount = 0, OccupiedSlotCount = 1.
TpTrace Verbose: 0 : 22560, 1, 2025/02/27, 10:12:08.797, 16973748943541, vstest.console.dll, Occupied slots:
0: C:\Users\Premiersoft\Documents\ARQ\Alberto\TesteAlberto\Questao5\bin\Debug\net6.0\fine-code-coverage\build-output\Questao5.dll
TpTrace Verbose: 0 : 22560, 1, 2025/02/27, 10:12:08.797, 16973748951248, vstest.console.dll, ParallelOperationManager.RunWorkInParallel: Started host in slot number 0 for work (source): C:\Users\Premiersoft\Documents\ARQ\Alberto\TesteAlberto\Questao5\bin\Debug\net6.0\fine-code-coverage\build-output\Questao5.dll.
TpTrace Verbose: 0 : 22560, 1, 2025/02/27, 10:12:08.798, 16973748957263, vstest.console.dll, ParallelOperationManager.RunWorkInParallel: We started 1 work items, which is the max parallel level. Won't start more work.
TpTrace Verbose: 0 : 22560, 1, 2025/02/27, 10:12:08.798, 16973748957912, vstest.console.dll, ParallelOperationManager.RunWorkInParallel: We started 1 work items in here, returning True.
TpTrace Information: 0 : 22560, 1, 2025/02/27, 10:12:08.798, 16973748958279, vstest.console.dll, TestRunRequest.ExecuteAsync: Started.
TpTrace Verbose: 0 : 22560, 5, 2025/02/27, 10:12:08.798, 16973748959570, vstest.console.dll, ParallelProxyExecutionManager.StartTestRunOnConcurrentManager: Initializing uninitialized client. Started clients: 0
TpTrace Verbose: 0 : 22560, 5, 2025/02/27, 10:12:08.798, 16973748960785, vstest.console.dll, DataCollectionRequestSender.InitializeCommunication : Initialize communication. 
TpTrace Verbose: 0 : 22560, 1, 2025/02/27, 10:12:08.799, 16973748962928, vstest.console.dll, TestRunRequest.WaitForCompletion: Waiting with timeout -1.
TpTrace Information: 0 : 22560, 5, 2025/02/27, 10:12:08.805, 16973749029462, vstest.console.dll, Listening on Endpoint : 127.0.0.1:52816
TpTrace Verbose: 0 : 22560, 5, 2025/02/27, 10:12:08.810, 16973749074543, vstest.console.dll, DotnetDataCollectionLauncher: Adding  --runtimeconfig "C:\Program Files\dotnet\sdk\8.0.400\datacollector.runtimeconfig.json" in args
TpTrace Verbose: 0 : 22560, 5, 2025/02/27, 10:12:08.810, 16973749075728, vstest.console.dll, DotnetDataCollectionLauncher: Adding  --depsfile "C:\Program Files\dotnet\sdk\8.0.400\datacollector.deps.json" in args
TpTrace Verbose: 0 : 22560, 5, 2025/02/27, 10:12:08.810, 16973749077353, vstest.console.dll, DotnetDataCollectionLauncher: Full path of dotnet.exe is C:\Program Files\dotnet\dotnet.exe
TpTrace Information: 0 : 22560, 5, 2025/02/27, 10:12:08.816, 16973749136665, vstest.console.dll, ProxyDataCollectionManager.Initialize: Launched datacollector processId: 55776 port: 52816
TpTrace Information: 0 : 22560, 5, 2025/02/27, 10:12:08.816, 16973749138199, vstest.console.dll, ProxyDataCollectionManager.Initialize: waiting for connection with timeout: 90 seconds
TpTrace Verbose: 0 : 22560, 5, 2025/02/27, 10:12:08.816, 16973749138596, vstest.console.dll, DataCollectionRequestSender.WaitForRequestHandlerConnection : Waiting for connection with timeout: 90000
TpTrace Information: 0 : 22560, 7, 2025/02/27, 10:12:08.942, 16973750396379, vstest.console.dll, Using the buffer size of 16384 bytes
TpTrace Verbose: 0 : 22560, 5, 2025/02/27, 10:12:08.942, 16973750396704, vstest.console.dll, SocketCommunicationManager.WaitForClientConnection took: 125 ms, with 90000 ms timeout, and finished with True.
TpTrace Information: 0 : 22560, 7, 2025/02/27, 10:12:08.942, 16973750397609, vstest.console.dll, Accepted Client request and set the flag
TpTrace Verbose: 0 : 22560, 5, 2025/02/27, 10:12:08.942, 16973750399025, vstest.console.dll, ProxyDataCollectionManager.InvokeDataCollectionServiceAction: Starting.
TpTrace Information: 0 : 22560, 5, 2025/02/27, 10:12:08.942, 16973750399960, vstest.console.dll, ProxyDataCollectionManager.BeforeTestRunStart: Get environment variable and port for datacollector processId: 55776 port: 52816
TpTrace Verbose: 0 : 22560, 5, 2025/02/27, 10:12:08.942, 16973750401334, vstest.console.dll, DataCollectionRequestSender.SendBeforeTestRunStartAndGetResult: Send BeforeTestRunStart message with settingsXml <RunSettings><RunConfiguration><ResultsDirectory>C:\Users\Premiersoft\Documents\ARQ\Alberto\TesteAlberto\Questao5\bin\Debug\net6.0\fine-code-coverage\coverage-tool-output</ResultsDirectory><TargetPlatform>X64</TargetPlatform><TargetFrameworkVersion>.NETCoreApp,Version=v6.0</TargetFrameworkVersion><DesignMode>False</DesignMode><CollectSourceInformation>False</CollectSourceInformation><TestAdaptersPaths>C:\Program Files\dotnet\sdk\8.0.400\Extensions</TestAdaptersPaths></RunConfiguration><LoggerRunSettings><Loggers><Logger friendlyName="blame" enabled="True" /><Logger friendlyName="Console" uri="logger://microsoft/TestPlatform/ConsoleLogger/v1" assemblyQualifiedName="Microsoft.VisualStudio.TestPlatform.CommandLine.Internal.ConsoleLogger, vstest.console, Version=15.0.0.0, Culture=neutral, PublicKeyToken=b03f5f7f11d50a3a" codeBase="C:\Program Files\dotnet\sdk\8.0.400\vstest.console.dll" enabled="True" /></Loggers></LoggerRunSettings><DataCollectionRunSettings><DataCollectors><DataCollector friendlyName="blame" enabled="True"><Configuration><ResultsDirectory>C:\Users\Premiersoft\Documents\ARQ\Alberto\TesteAlberto\Questao5\bin\Debug\net6.0\fine-code-coverage\coverage-tool-output</ResultsDirectory></Configuration></DataCollector></DataCollectors></DataCollectionRunSettings></RunSettings> and sources System.Collections.Generic.List`1[System.String]: 
TpTrace Verbose: 0 : 22560, 5, 2025/02/27, 10:12:08.984, 16973750815570, vstest.console.dll, DataCollectionRequestSender.SendBeforeTestRunStartAndGetResult: Received message: (DataCollection.SendMessage) -> {"MessageType":"DataCollection.SendMessage","Payload":{"FriendlyName":null,"Uri":null,"TestCaseId":"00000000-0000-0000-0000-000000000000","Message":"Logging DataCollector Diagnostics in file: C:\\Users\\Premiersoft\\Documents\\ARQ\\Alberto\\TesteAlberto\\Questao5\\bin\\Debug\\net6.0\\fine-code-coverage\\coverage-tool-output\\diagnostics.datacollector.25-02-27_10-12-08_81008_5.log","Level":0}}
TpTrace Verbose: 0 : 22560, 5, 2025/02/27, 10:12:09.061, 16973751590791, vstest.console.dll, DataCollectionRequestSender.SendBeforeTestRunStartAndGetResult: Received message: (DataCollection.BeforeTestRunStartResult) -> {"MessageType":"DataCollection.BeforeTestRunStartResult","Payload":{"EnvironmentVariables":{},"DataCollectionEventsPort":52818}}
TpTrace Information: 0 : 22560, 5, 2025/02/27, 10:12:09.065, 16973751625387, vstest.console.dll, ProxyDataCollectionManager.BeforeTestRunStart: SendBeforeTestRunStartAndGetResult successful, env variable from datacollector:   and testhost port: 52818
TpTrace Information: 0 : 22560, 5, 2025/02/27, 10:12:09.065, 16973751626123, vstest.console.dll, ProxyDataCollectionManager.InvokeDataCollectionServiceAction: Completed.
TpTrace Verbose: 0 : 22560, 5, 2025/02/27, 10:12:09.065, 16973751626342, vstest.console.dll, ParallelProxyExecutionManager.StartTestRunOnConcurrentManager: Initializing test run. Started clients: 0
TpTrace Verbose: 0 : 22560, 5, 2025/02/27, 10:12:09.065, 16973751626981, vstest.console.dll, ProxyExecutionManager: Test host is always Lazy initialize.
TpTrace Verbose: 0 : 22560, 5, 2025/02/27, 10:12:09.065, 16973751628515, vstest.console.dll, TestRequestSender.InitializeCommunication: initialize communication. 
TpTrace Information: 0 : 22560, 5, 2025/02/27, 10:12:09.066, 16973751632610, vstest.console.dll, SocketServer.Start: Listening on endpoint : 127.0.0.1:52819
TpTrace Verbose: 0 : 22560, 5, 2025/02/27, 10:12:09.067, 16973751641474, vstest.console.dll, DotnetTestHostmanager.GetTestHostProcessStartInfo: Platform environment 'X64' target architecture 'X64' framework '.NETCoreApp,Version=v6.0' OS 'Windows'
TpTrace Verbose: 0 : 22560, 5, 2025/02/27, 10:12:09.067, 16973751643915, vstest.console.dll, DotnetTestHostmanager: Adding  --runtimeconfig "C:\Users\Premiersoft\Documents\ARQ\Alberto\TesteAlberto\Questao5\bin\Debug\net6.0\fine-code-coverage\build-output\Questao5.runtimeconfig.json" in args
TpTrace Verbose: 0 : 22560, 5, 2025/02/27, 10:12:09.067, 16973751645915, vstest.console.dll, DotnetTestHostmanager: Adding  --depsfile "C:\Users\Premiersoft\Documents\ARQ\Alberto\TesteAlberto\Questao5\bin\Debug\net6.0\fine-code-coverage\build-output\Questao5.deps.json" in args
TpTrace Verbose: 0 : 22560, 5, 2025/02/27, 10:12:09.067, 16973751647363, vstest.console.dll, DotnetTestHostmanager.IsWinOnArm: Current PROCESSOR_ARCHITECTURE from environment variable 'AMD64'
TpTrace Verbose: 0 : 22560, 5, 2025/02/27, 10:12:09.067, 16973751647782, vstest.console.dll, DotnetTestHostmanager.IsWinOnArm: Is Windows on ARM 'False'
TpTrace Verbose: 0 : 22560, 5, 2025/02/27, 10:12:09.067, 16973751648428, vstest.console.dll, DotnetTestHostManager: testhost.exe found at path: C:\Users\Premiersoft\Documents\ARQ\Alberto\TesteAlberto\Questao5\bin\Debug\net6.0\fine-code-coverage\build-output\testhost.exe
TpTrace Verbose: 0 : 22560, 5, 2025/02/27, 10:12:09.067, 16973751648683, vstest.console.dll, DotnetTestHostmanager: Full path of host exe is C:\Users\Premiersoft\Documents\ARQ\Alberto\TesteAlberto\Questao5\bin\Debug\net6.0\fine-code-coverage\build-output\testhost.exe
TpTrace Verbose: 0 : 22560, 5, 2025/02/27, 10:12:09.067, 16973751650996, vstest.console.dll, DotnetTestHostmanager.LaunchTestHostAsync: Found 'VSTEST_WINAPPHOST_DOTNET_ROOT' in env variables, value 'C:\Program Files\dotnet', forwarding to 'DOTNET_ROOT'
TpTrace Verbose: 0 : 22560, 5, 2025/02/27, 10:12:09.068, 16973751652012, vstest.console.dll, DotnetTestHostManager: Starting process 'C:\Users\Premiersoft\Documents\ARQ\Alberto\TesteAlberto\Questao5\bin\Debug\net6.0\fine-code-coverage\build-output\testhost.exe' with command line ' --runtimeconfig "C:\Users\Premiersoft\Documents\ARQ\Alberto\TesteAlberto\Questao5\bin\Debug\net6.0\fine-code-coverage\build-output\Questao5.runtimeconfig.json" --depsfile "C:\Users\Premiersoft\Documents\ARQ\Alberto\TesteAlberto\Questao5\bin\Debug\net6.0\fine-code-coverage\build-output\Questao5.deps.json" --port 52819 --endpoint 127.0.0.1:052819 --role client --parentprocessid 22560 --diag "C:\Users\Premiersoft\Documents\ARQ\Alberto\TesteAlberto\Questao5\bin\Debug\net6.0\fine-code-coverage\coverage-tool-output\diagnostics.host.25-02-27_10-12-09_06642_5.log" --tracelevel 4 --datacollectionport 52818 --telemetryoptedin false'
TpTrace Verbose: 0 : 22560, 5, 2025/02/27, 10:12:09.082, 16973751791579, vstest.console.dll, MulticastDelegateUtilities.SafeInvoke: HostProviderEvents.OnHostLaunched: Invoking callback 1/2 for Microsoft.VisualStudio.TestPlatform.CrossPlatEngine.Client.ProxyExecutionManagerWithDataCollection., took 7 ms.
TpTrace Verbose: 0 : 22560, 5, 2025/02/27, 10:12:09.082, 16973751795730, vstest.console.dll, Test Runtime launched
TpTrace Verbose: 0 : 22560, 5, 2025/02/27, 10:12:09.082, 16973751798575, vstest.console.dll, MulticastDelegateUtilities.SafeInvoke: HostProviderEvents.OnHostLaunched: Invoking callback 2/2 for Microsoft.VisualStudio.TestPlatform.CrossPlatEngine.Client.ProxyOperationManager., took 0 ms.
TpTrace Verbose: 0 : 22560, 5, 2025/02/27, 10:12:09.082, 16973751800335, vstest.console.dll, TestRequestSender.WaitForRequestHandlerConnection: waiting for connection with timeout: 90000.
TpTrace Verbose: 0 : 22560, 12, 2025/02/27, 10:12:09.234, 16973753321064, vstest.console.dll, MulticastDelegateUtilities.SafeInvoke: SocketServer: ClientConnected: Invoking callback 1/1 for Microsoft.VisualStudio.TestPlatform.CommunicationUtilities.TestRequestSender., took 0 ms.
TpTrace Verbose: 0 : 22560, 12, 2025/02/27, 10:12:09.235, 16973753322262, vstest.console.dll, SocketServer.OnClientConnected: Client connected for endPoint: 127.0.0.1:52819, starting MessageLoopAsync:
TpTrace Verbose: 0 : 22560, 5, 2025/02/27, 10:12:09.234, 16973753321299, vstest.console.dll, TestRequestSender.WaitForRequestHandlerConnection: waiting took 152 ms, with timeout 90000 ms, and result 0, which is success.
TpTrace Verbose: 0 : 22560, 12, 2025/02/27, 10:12:09.235, 16973753325969, vstest.console.dll, TcpClientExtensions.MessageLoopAsync: Polling on remoteEndPoint: 127.0.0.1:52820 localEndPoint: 127.0.0.1:52819 after 0 ms
TpTrace Verbose: 0 : 22560, 5, 2025/02/27, 10:12:09.235, 16973753330610, vstest.console.dll, TestRequestSender.CheckVersionWithTestHost: Sending check version message: {"MessageType":"ProtocolVersion","Payload":7}
TpTrace Verbose: 0 : 22560, 12, 2025/02/27, 10:12:09.356, 16973754537736, vstest.console.dll, TcpClientExtensions.MessageLoopAsync: NotifyDataAvailable remoteEndPoint: 127.0.0.1:52820 localEndPoint: 127.0.0.1:52819
TpTrace Verbose: 0 : 22560, 12, 2025/02/27, 10:12:09.356, 16973754540799, vstest.console.dll, TestRequestSender.CheckVersionWithTestHost: onMessageReceived received message: (ProtocolVersion) -> {"MessageType":"ProtocolVersion","Payload":7}
TpTrace Verbose: 0 : 22560, 12, 2025/02/27, 10:12:09.357, 16973754546220, vstest.console.dll, MulticastDelegateUtilities.SafeInvoke: LengthPrefixCommunicationChannel: MessageReceived: Invoking callback 1/1 for Microsoft.VisualStudio.TestPlatform.CommunicationUtilities.TestRequestSender+<>c__DisplayClass29_0., took 0 ms.
TpTrace Verbose: 0 : 22560, 12, 2025/02/27, 10:12:09.357, 16973754547635, vstest.console.dll, TcpClientExtensions.MessageLoopAsync: Polling on remoteEndPoint: 127.0.0.1:52820 localEndPoint: 127.0.0.1:52819 after 122 ms
TpTrace Verbose: 0 : 22560, 5, 2025/02/27, 10:12:09.357, 16973754547709, vstest.console.dll, TestPluginCache.GetExtensionPaths: Filtered extension paths: 
TpTrace Verbose: 0 : 22560, 5, 2025/02/27, 10:12:09.357, 16973754548622, vstest.console.dll, TestPluginCache.GetExtensionPaths: Added default extension paths: C:\Program Files\dotnet\sdk\8.0.400\Extensions\Microsoft.Diagnostics.NETCore.Client.dll
C:\Program Files\dotnet\sdk\8.0.400\Extensions\Microsoft.TestPlatform.Extensions.BlameDataCollector.dll
C:\Program Files\dotnet\sdk\8.0.400\Extensions\Microsoft.TestPlatform.Extensions.EventLogCollector.dll
C:\Program Files\dotnet\sdk\8.0.400\Extensions\Microsoft.TestPlatform.TestHostRuntimeProvider.dll
C:\Program Files\dotnet\sdk\8.0.400\Extensions\Microsoft.VisualStudio.TestPlatform.Extensions.Html.TestLogger.dll
C:\Program Files\dotnet\sdk\8.0.400\Extensions\Microsoft.VisualStudio.TestPlatform.Extensions.Trx.TestLogger.dll
TpTrace Verbose: 0 : 22560, 5, 2025/02/27, 10:12:09.357, 16973754548984, vstest.console.dll, TestPluginCache.GetExtensionPaths: Added unfilterableExtensionPaths: 
TpTrace Verbose: 0 : 22560, 5, 2025/02/27, 10:12:09.361, 16973754584483, vstest.console.dll, TestRequestSender.InitializeExecution: Sending initialize execution with message: {"Version":7,"MessageType":"TestExecution.Initialize","Payload":["C:\\Users\\Premiersoft\\Documents\\ARQ\\Alberto\\TesteAlberto\\Questao5\\bin\\Debug\\net6.0\\fine-code-coverage\\build-output\\xunit.runner.visualstudio.dotnetcore.testadapter.dll"]}
TpTrace Verbose: 0 : 22560, 5, 2025/02/27, 10:12:09.361, 16973754587948, vstest.console.dll, ParallelProxyExecutionManager.StartTestRunOnConcurrentManager: Execution starting. Started clients: 1
TpTrace Verbose: 0 : 22560, 5, 2025/02/27, 10:12:09.362, 16973754592236, vstest.console.dll, TestRunRequest:SendTestRunMessage: Starting.
TpTrace Verbose: 0 : 22560, 5, 2025/02/27, 10:12:09.362, 16973754594654, vstest.console.dll, MulticastDelegateUtilities.SafeInvoke: TestRun.LogMessages: Invoking callback 1/1 for Microsoft.VisualStudio.TestPlatform.CommandLine.TestRunResultAggregator., took 0 ms.
TpTrace Information: 0 : 22560, 5, 2025/02/27, 10:12:09.362, 16973754595254, vstest.console.dll, TestRunRequest:SendTestRunMessage: Completed.
TpTrace Verbose: 0 : 22560, 4, 2025/02/27, 10:12:09.362, 16973754596457, vstest.console.dll, MulticastDelegateUtilities.SafeInvoke: InternalTestLoggerEvents.SendTestRunMessage: Invoking callback 1/1 for Microsoft.VisualStudio.TestPlatform.CommandLine.Internal.ConsoleLogger., took 0 ms.
TpTrace Warning: 0 : 22560, 5, 2025/02/27, 10:12:09.362, 16973754600299, vstest.console.dll, InferRunSettingsHelper.MakeRunsettingsCompatible: Removing the following settings: TargetPlatform from RunSettings file. To use those settings please move to latest version of Microsoft.NET.Test.Sdk
TpTrace Verbose: 0 : 22560, 12, 2025/02/27, 10:12:09.364, 16973754617969, vstest.console.dll, TcpClientExtensions.MessageLoopAsync: NotifyDataAvailable remoteEndPoint: 127.0.0.1:52820 localEndPoint: 127.0.0.1:52819
TpTrace Verbose: 0 : 22560, 12, 2025/02/27, 10:12:09.365, 16973754622074, vstest.console.dll, TestRequestSender.OnExecutionMessageReceived: Received message: {"Version":7,"MessageType":"TestSession.Message","Payload":{"MessageLevel":0,"Message":"Registro em log do diagnóstico TestHost no arquivo: C:\\Users\\Premiersoft\\Documents\\ARQ\\Alberto\\TesteAlberto\\Questao5\\bin\\Debug\\net6.0\\fine-code-coverage\\coverage-tool-output\\diagnostics.host.25-02-27_10-12-09_06642_5.log"}}
TpTrace Verbose: 0 : 22560, 12, 2025/02/27, 10:12:09.367, 16973754648515, vstest.console.dll, TestRunRequest:SendTestRunMessage: Starting.
TpTrace Verbose: 0 : 22560, 12, 2025/02/27, 10:12:09.367, 16973754650527, vstest.console.dll, MulticastDelegateUtilities.SafeInvoke: TestRun.LogMessages: Invoking callback 1/1 for Microsoft.VisualStudio.TestPlatform.CommandLine.TestRunResultAggregator., took 0 ms.
TpTrace Information: 0 : 22560, 12, 2025/02/27, 10:12:09.368, 16973754651823, vstest.console.dll, TestRunRequest:SendTestRunMessage: Completed.
TpTrace Verbose: 0 : 22560, 4, 2025/02/27, 10:12:09.367, 16973754651066, vstest.console.dll, MulticastDelegateUtilities.SafeInvoke: InternalTestLoggerEvents.SendTestRunMessage: Invoking callback 1/1 for Microsoft.VisualStudio.TestPlatform.CommandLine.Internal.ConsoleLogger., took 0 ms.
TpTrace Verbose: 0 : 22560, 12, 2025/02/27, 10:12:09.368, 16973754652310, vstest.console.dll, MulticastDelegateUtilities.SafeInvoke: LengthPrefixCommunicationChannel: MessageReceived: Invoking callback 1/1 for Microsoft.VisualStudio.TestPlatform.CommunicationUtilities.TestRequestSender+<>c__DisplayClass34_0., took 3 ms.
TpTrace Verbose: 0 : 22560, 12, 2025/02/27, 10:12:09.368, 16973754653495, vstest.console.dll, TcpClientExtensions.MessageLoopAsync: Polling on remoteEndPoint: 127.0.0.1:52820 localEndPoint: 127.0.0.1:52819 after 10 ms
TpTrace Verbose: 0 : 22560, 5, 2025/02/27, 10:12:09.370, 16973754673088, vstest.console.dll, TestRequestSender.StartTestRun: Sending test run with message: {"Version":7,"MessageType":"TestExecution.StartWithSources","Payload":{"AdapterSourceMap":{"_none_":["C:\\Users\\Premiersoft\\Documents\\ARQ\\Alberto\\TesteAlberto\\Questao5\\bin\\Debug\\net6.0\\fine-code-coverage\\build-output\\Questao5.dll"]},"RunSettings":"<RunSettings>\r\n  <RunConfiguration>\r\n    <ResultsDirectory>C:\\Users\\Premiersoft\\Documents\\ARQ\\Alberto\\TesteAlberto\\Questao5\\bin\\Debug\\net6.0\\fine-code-coverage\\coverage-tool-output</ResultsDirectory>\r\n    <TargetFrameworkVersion>.NETCoreApp,Version=v6.0</TargetFrameworkVersion>\r\n    <DesignMode>False</DesignMode>\r\n    <CollectSourceInformation>False</CollectSourceInformation>\r\n  </RunConfiguration>\r\n  <LoggerRunSettings>\r\n    <Loggers>\r\n      <Logger friendlyName=\"blame\" enabled=\"True\" />\r\n      <Logger friendlyName=\"Console\" uri=\"logger://microsoft/TestPlatform/ConsoleLogger/v1\" assemblyQualifiedName=\"Microsoft.VisualStudio.TestPlatform.CommandLine.Internal.ConsoleLogger, vstest.console, Version=15.0.0.0, Culture=neutral, PublicKeyToken=b03f5f7f11d50a3a\" codeBase=\"C:\\Program Files\\dotnet\\sdk\\8.0.400\\vstest.console.dll\" enabled=\"True\" />\r\n    </Loggers>\r\n  </LoggerRunSettings>\r\n  <DataCollectionRunSettings>\r\n    <DataCollectors>\r\n      <DataCollector friendlyName=\"blame\" enabled=\"True\">\r\n        <Configuration>\r\n          <ResultsDirectory>C:\\Users\\Premiersoft\\Documents\\ARQ\\Alberto\\TesteAlberto\\Questao5\\bin\\Debug\\net6.0\\fine-code-coverage\\coverage-tool-output</ResultsDirectory>\r\n        </Configuration>\r\n      </DataCollector>\r\n    </DataCollectors>\r\n  </DataCollectionRunSettings>\r\n</RunSettings>","TestExecutionContext":{"FrequencyOfRunStatsChangeEvent":10,"RunStatsChangeEventTimeout":"00:00:01.5000000","InIsolation":false,"KeepAlive":false,"AreTestCaseLevelEventsRequired":false,"IsDebug":false,"TestCaseFilter":null,"FilterOptions":null},"Package":null}}
TpTrace Verbose: 0 : 22560, 5, 2025/02/27, 10:12:09.370, 16973754675328, vstest.console.dll, ParallelProxyExecutionManager.StartTestRunOnConcurrentManager: Execution started. Started clients: 1
TpTrace Verbose: 0 : 22560, 12, 2025/02/27, 10:12:09.513, 16973756105757, vstest.console.dll, TcpClientExtensions.MessageLoopAsync: NotifyDataAvailable remoteEndPoint: 127.0.0.1:52820 localEndPoint: 127.0.0.1:52819
TpTrace Verbose: 0 : 22560, 12, 2025/02/27, 10:12:09.513, 16973756107748, vstest.console.dll, TestRequestSender.OnExecutionMessageReceived: Received message: {"Version":7,"MessageType":"TestSession.Message","Payload":{"MessageLevel":0,"Message":"[xUnit.net 00:00:00.00] xUnit.net VSTest Adapter v2.4.5+1caef2f33e (64-bit .NET 6.0.33)"}}
TpTrace Verbose: 0 : 22560, 12, 2025/02/27, 10:12:09.513, 16973756109635, vstest.console.dll, TestRunRequest:SendTestRunMessage: Starting.
TpTrace Verbose: 0 : 22560, 12, 2025/02/27, 10:12:09.513, 16973756110221, vstest.console.dll, MulticastDelegateUtilities.SafeInvoke: TestRun.LogMessages: Invoking callback 1/1 for Microsoft.VisualStudio.TestPlatform.CommandLine.TestRunResultAggregator., took 0 ms.
TpTrace Information: 0 : 22560, 12, 2025/02/27, 10:12:09.513, 16973756111238, vstest.console.dll, TestRunRequest:SendTestRunMessage: Completed.
TpTrace Verbose: 0 : 22560, 4, 2025/02/27, 10:12:09.514, 16973756111550, vstest.console.dll, MulticastDelegateUtilities.SafeInvoke: InternalTestLoggerEvents.SendTestRunMessage: Invoking callback 1/1 for Microsoft.VisualStudio.TestPlatform.CommandLine.Internal.ConsoleLogger., took 0 ms.
TpTrace Verbose: 0 : 22560, 12, 2025/02/27, 10:12:09.514, 16973756111686, vstest.console.dll, MulticastDelegateUtilities.SafeInvoke: LengthPrefixCommunicationChannel: MessageReceived: Invoking callback 1/1 for Microsoft.VisualStudio.TestPlatform.CommunicationUtilities.TestRequestSender+<>c__DisplayClass34_0., took 0 ms.
TpTrace Verbose: 0 : 22560, 12, 2025/02/27, 10:12:09.514, 16973756112456, vstest.console.dll, TcpClientExtensions.MessageLoopAsync: Polling on remoteEndPoint: 127.0.0.1:52820 localEndPoint: 127.0.0.1:52819 after 145 ms
TpTrace Verbose: 0 : 22560, 12, 2025/02/27, 10:12:10.422, 16973765192050, vstest.console.dll, TcpClientExtensions.MessageLoopAsync: NotifyDataAvailable remoteEndPoint: 127.0.0.1:52820 localEndPoint: 127.0.0.1:52819
TpTrace Verbose: 0 : 22560, 12, 2025/02/27, 10:12:10.422, 16973765194279, vstest.console.dll, TestRequestSender.OnExecutionMessageReceived: Received message: {"Version":7,"MessageType":"TestSession.Message","Payload":{"MessageLevel":0,"Message":"[xUnit.net 00:00:00.91]   Discovering: Questao5"}}
TpTrace Verbose: 0 : 22560, 12, 2025/02/27, 10:12:10.422, 16973765196306, vstest.console.dll, TestRunRequest:SendTestRunMessage: Starting.
TpTrace Verbose: 0 : 22560, 12, 2025/02/27, 10:12:10.422, 16973765197118, vstest.console.dll, MulticastDelegateUtilities.SafeInvoke: TestRun.LogMessages: Invoking callback 1/1 for Microsoft.VisualStudio.TestPlatform.CommandLine.TestRunResultAggregator., took 0 ms.
TpTrace Information: 0 : 22560, 12, 2025/02/27, 10:12:10.422, 16973765197336, vstest.console.dll, TestRunRequest:SendTestRunMessage: Completed.
TpTrace Verbose: 0 : 22560, 12, 2025/02/27, 10:12:10.422, 16973765197587, vstest.console.dll, MulticastDelegateUtilities.SafeInvoke: LengthPrefixCommunicationChannel: MessageReceived: Invoking callback 1/1 for Microsoft.VisualStudio.TestPlatform.CommunicationUtilities.TestRequestSender+<>c__DisplayClass34_0., took 0 ms.
TpTrace Verbose: 0 : 22560, 4, 2025/02/27, 10:12:10.422, 16973765197537, vstest.console.dll, MulticastDelegateUtilities.SafeInvoke: InternalTestLoggerEvents.SendTestRunMessage: Invoking callback 1/1 for Microsoft.VisualStudio.TestPlatform.CommandLine.Internal.ConsoleLogger., took 0 ms.
TpTrace Verbose: 0 : 22560, 12, 2025/02/27, 10:12:10.422, 16973765197891, vstest.console.dll, TcpClientExtensions.MessageLoopAsync: Polling on remoteEndPoint: 127.0.0.1:52820 localEndPoint: 127.0.0.1:52819 after 908 ms
TpTrace Verbose: 0 : 22560, 12, 2025/02/27, 10:12:10.466, 16973765634073, vstest.console.dll, TcpClientExtensions.MessageLoopAsync: NotifyDataAvailable remoteEndPoint: 127.0.0.1:52820 localEndPoint: 127.0.0.1:52819
TpTrace Verbose: 0 : 22560, 12, 2025/02/27, 10:12:10.466, 16973765635502, vstest.console.dll, TestRequestSender.OnExecutionMessageReceived: Received message: {"Version":7,"MessageType":"TestSession.Message","Payload":{"MessageLevel":0,"Message":"[xUnit.net 00:00:00.95]   Discovered:  Questao5"}}
TpTrace Verbose: 0 : 22560, 12, 2025/02/27, 10:12:10.466, 16973765636826, vstest.console.dll, TestRunRequest:SendTestRunMessage: Starting.
TpTrace Verbose: 0 : 22560, 12, 2025/02/27, 10:12:10.466, 16973765637329, vstest.console.dll, MulticastDelegateUtilities.SafeInvoke: TestRun.LogMessages: Invoking callback 1/1 for Microsoft.VisualStudio.TestPlatform.CommandLine.TestRunResultAggregator., took 0 ms.
TpTrace Verbose: 0 : 22560, 4, 2025/02/27, 10:12:10.466, 16973765637573, vstest.console.dll, MulticastDelegateUtilities.SafeInvoke: InternalTestLoggerEvents.SendTestRunMessage: Invoking callback 1/1 for Microsoft.VisualStudio.TestPlatform.CommandLine.Internal.ConsoleLogger., took 0 ms.
TpTrace Information: 0 : 22560, 12, 2025/02/27, 10:12:10.466, 16973765637688, vstest.console.dll, TestRunRequest:SendTestRunMessage: Completed.
TpTrace Verbose: 0 : 22560, 12, 2025/02/27, 10:12:10.466, 16973765638474, vstest.console.dll, MulticastDelegateUtilities.SafeInvoke: LengthPrefixCommunicationChannel: MessageReceived: Invoking callback 1/1 for Microsoft.VisualStudio.TestPlatform.CommunicationUtilities.TestRequestSender+<>c__DisplayClass34_0., took 0 ms.
TpTrace Verbose: 0 : 22560, 12, 2025/02/27, 10:12:10.466, 16973765638814, vstest.console.dll, TcpClientExtensions.MessageLoopAsync: Polling on remoteEndPoint: 127.0.0.1:52820 localEndPoint: 127.0.0.1:52819 after 44 ms
TpTrace Verbose: 0 : 22560, 12, 2025/02/27, 10:12:10.467, 16973765651333, vstest.console.dll, TcpClientExtensions.MessageLoopAsync: NotifyDataAvailable remoteEndPoint: 127.0.0.1:52820 localEndPoint: 127.0.0.1:52819
TpTrace Verbose: 0 : 22560, 12, 2025/02/27, 10:12:10.468, 16973765651886, vstest.console.dll, TestRequestSender.OnExecutionMessageReceived: Received message: {"Version":7,"MessageType":"TestSession.Message","Payload":{"MessageLevel":0,"Message":"[xUnit.net 00:00:00.95]   Starting:    Questao5"}}
TpTrace Verbose: 0 : 22560, 12, 2025/02/27, 10:12:10.468, 16973765652560, vstest.console.dll, TestRunRequest:SendTestRunMessage: Starting.
TpTrace Verbose: 0 : 22560, 12, 2025/02/27, 10:12:10.468, 16973765652900, vstest.console.dll, MulticastDelegateUtilities.SafeInvoke: TestRun.LogMessages: Invoking callback 1/1 for Microsoft.VisualStudio.TestPlatform.CommandLine.TestRunResultAggregator., took 0 ms.
TpTrace Verbose: 0 : 22560, 4, 2025/02/27, 10:12:10.468, 16973765653114, vstest.console.dll, MulticastDelegateUtilities.SafeInvoke: InternalTestLoggerEvents.SendTestRunMessage: Invoking callback 1/1 for Microsoft.VisualStudio.TestPlatform.CommandLine.Internal.ConsoleLogger., took 0 ms.
TpTrace Information: 0 : 22560, 12, 2025/02/27, 10:12:10.468, 16973765653160, vstest.console.dll, TestRunRequest:SendTestRunMessage: Completed.
TpTrace Verbose: 0 : 22560, 12, 2025/02/27, 10:12:10.468, 16973765653775, vstest.console.dll, MulticastDelegateUtilities.SafeInvoke: LengthPrefixCommunicationChannel: MessageReceived: Invoking callback 1/1 for Microsoft.VisualStudio.TestPlatform.CommunicationUtilities.TestRequestSender+<>c__DisplayClass34_0., took 0 ms.
TpTrace Verbose: 0 : 22560, 12, 2025/02/27, 10:12:10.468, 16973765653992, vstest.console.dll, TcpClientExtensions.MessageLoopAsync: Polling on remoteEndPoint: 127.0.0.1:52820 localEndPoint: 127.0.0.1:52819 after 1 ms
TpTrace Verbose: 0 : 22560, 12, 2025/02/27, 10:12:10.882, 16973769794082, vstest.console.dll, TcpClientExtensions.MessageLoopAsync: NotifyDataAvailable remoteEndPoint: 127.0.0.1:52820 localEndPoint: 127.0.0.1:52819
TpTrace Verbose: 0 : 22560, 12, 2025/02/27, 10:12:10.882, 16973769796216, vstest.console.dll, TestRequestSender.OnExecutionMessageReceived: Received message: {"Version":7,"MessageType":"TestSession.Message","Payload":{"MessageLevel":0,"Message":"[xUnit.net 00:00:01.37]   Finished:    Questao5"}}
TpTrace Verbose: 0 : 22560, 12, 2025/02/27, 10:12:10.882, 16973769798341, vstest.console.dll, TestRunRequest:SendTestRunMessage: Starting.
TpTrace Verbose: 0 : 22560, 12, 2025/02/27, 10:12:10.882, 16973769799230, vstest.console.dll, MulticastDelegateUtilities.SafeInvoke: TestRun.LogMessages: Invoking callback 1/1 for Microsoft.VisualStudio.TestPlatform.CommandLine.TestRunResultAggregator., took 0 ms.
TpTrace Information: 0 : 22560, 12, 2025/02/27, 10:12:10.882, 16973769799554, vstest.console.dll, TestRunRequest:SendTestRunMessage: Completed.
TpTrace Verbose: 0 : 22560, 12, 2025/02/27, 10:12:10.882, 16973769799888, vstest.console.dll, MulticastDelegateUtilities.SafeInvoke: LengthPrefixCommunicationChannel: MessageReceived: Invoking callback 1/1 for Microsoft.VisualStudio.TestPlatform.CommunicationUtilities.TestRequestSender+<>c__DisplayClass34_0., took 0 ms.
TpTrace Verbose: 0 : 22560, 12, 2025/02/27, 10:12:10.882, 16973769800691, vstest.console.dll, TcpClientExtensions.MessageLoopAsync: Polling on remoteEndPoint: 127.0.0.1:52820 localEndPoint: 127.0.0.1:52819 after 414 ms
TpTrace Verbose: 0 : 22560, 4, 2025/02/27, 10:12:10.882, 16973769801046, vstest.console.dll, MulticastDelegateUtilities.SafeInvoke: InternalTestLoggerEvents.SendTestRunMessage: Invoking callback 1/1 for Microsoft.VisualStudio.TestPlatform.CommandLine.Internal.ConsoleLogger., took 0 ms.
TpTrace Verbose: 0 : 22560, 12, 2025/02/27, 10:12:10.922, 16973770194685, vstest.console.dll, TcpClientExtensions.MessageLoopAsync: NotifyDataAvailable remoteEndPoint: 127.0.0.1:52820 localEndPoint: 127.0.0.1:52819
TpTrace Verbose: 0 : 22560, 12, 2025/02/27, 10:12:10.922, 16973770196955, vstest.console.dll, TestRequestSender.OnExecutionMessageReceived: Received message: {"Version":7,"MessageType":"TestExecution.Completed","Payload":{"TestRunCompleteArgs":{"TestRunStatistics":{"ExecutedTests":5,"Stats":{"Passed":5}},"IsCanceled":false,"IsAborted":false,"Error":null,"AttachmentSets":[],"InvokedDataCollectors":[],"ElapsedTimeInRunningTests":"00:00:01.3835774","Metrics":{},"DiscoveredExtensions":{"TestDiscoverers":["Xunit.Runner.VisualStudio.VsTestRunner, xunit.runner.visualstudio.dotnetcore.testadapter, Version=2.4.0.0, Culture=neutral, PublicKeyToken=8d05b1bb7a6fdb6c"],"TestExecutors":["executor://xunit/VsTestRunner2/netcoreapp"],"TestExecutors2":[],"TestSettingsProviders":[]}},"LastRunTests":{"NewTestResults":[{"TestCase":{"Id":"317016c8-c8e1-d34b-8661-d802aa19d00e","FullyQualifiedName":"Questao5.Testes.ApplicationTests.CommandsTests.RequestTests.SaldoContaCorrenteRequestCommandTests.MovimentacaoRequestCommand_Valido","DisplayName":"MovimentacaoRequestCommand Valido","ExecutorUri":"executor://xunit/VsTestRunner2/netcoreapp","Source":"C:\\Users\\Premiersoft\\Documents\\ARQ\\Alberto\\TesteAlberto\\Questao5\\bin\\Debug\\net6.0\\fine-code-coverage\\build-output\\Questao5.dll","CodeFilePath":null,"LineNumber":0,"Properties":[{"Key":{"Id":"TestObject.Traits","Label":"Características","Category":"","Description":"","Attributes":5,"ValueType":"System.Collections.Generic.KeyValuePair`2[[System.String],[System.String]][]"},"Value":[{"Key":"Categoria","Value":"MovimentacaoCommand"}]}]},"Attachments":[],"Outcome":1,"ErrorMessage":null,"ErrorStackTrace":null,"DisplayName":"MovimentacaoRequestCommand Valido","Messages":[],"ComputerName":"PS-STFA107-0066","Duration":"00:00:00.0036395","StartTime":"2025-02-27T13:12:10.8300184+00:00","EndTime":"2025-02-27T13:12:10.8300339+00:00","Properties":[]},{"TestCase":{"Id":"f01b1df1-bac2-86a6-cff5-599c933e2a6b","FullyQualifiedName":"Questao5.Testes.ApplicationTests.DomainTests.EntitiTests.IdempotenciaTests.Idepotencia_Valido","DisplayName":"Idempotencia Valido","ExecutorUri":"executor://xunit/VsTestRunner2/netcoreapp","Source":"C:\\Users\\Premiersoft\\Documents\\ARQ\\Alberto\\TesteAlberto\\Questao5\\bin\\Debug\\net6.0\\fine-code-coverage\\build-output\\Questao5.dll","CodeFilePath":null,"LineNumber":0,"Properties":[{"Key":{"Id":"TestObject.Traits","Label":"Características","Category":"","Description":"","Attributes":5,"ValueType":"System.Collections.Generic.KeyValuePair`2[[System.String],[System.String]][]"},"Value":[{"Key":"Categoria","Value":"Movimentacao"}]}]},"Attachments":[],"Outcome":1,"ErrorMessage":null,"ErrorStackTrace":null,"DisplayName":"Idempotencia Valido","Messages":[],"ComputerName":"PS-STFA107-0066","Duration":"00:00:00.0036556","StartTime":"2025-02-27T13:12:10.8518961+00:00","EndTime":"2025-02-27T13:12:10.8518962+00:00","Properties":[]},{"TestCase":{"Id":"35fbb35a-3fca-a598-fa7f-fe445c960c6a","FullyQualifiedName":"Questao5.Testes.ApplicationTests.CommandsTests.RequestTests.MovimentacaoRequestCommandTests.MovimentacaoRequestCommand_Valido","DisplayName":"MovimentacaoRequestCommand Valido","ExecutorUri":"executor://xunit/VsTestRunner2/netcoreapp","Source":"C:\\Users\\Premiersoft\\Documents\\ARQ\\Alberto\\TesteAlberto\\Questao5\\bin\\Debug\\net6.0\\fine-code-coverage\\build-output\\Questao5.dll","CodeFilePath":null,"LineNumber":0,"Properties":[{"Key":{"Id":"TestObject.Traits","Label":"Características","Category":"","Description":"","Attributes":5,"ValueType":"System.Collections.Generic.KeyValuePair`2[[System.String],[System.String]][]"},"Value":[{"Key":"Categoria","Value":"MovimentacaoCommand"}]}]},"Attachments":[],"Outcome":1,"ErrorMessage":null,"ErrorStackTrace":null,"DisplayName":"MovimentacaoRequestCommand Valido","Messages":[],"ComputerName":"PS-STFA107-0066","Duration":"00:00:00.0501399","StartTime":"2025-02-27T13:12:10.8560879+00:00","EndTime":"2025-02-27T13:12:10.8560879+00:00","Properties":[]},{"TestCase":{"Id":"c39b85f3-c2ba-0a50-db0a-3336918a713d","FullyQualifiedName":"Questao5.Testes.ApplicationTests.HandlersTests.MovimentacaoTests.MovimentacaoHandlerTeste.MovimentacaoHandler_Valido","DisplayName":"MovimentacaoHandler Valido","ExecutorUri":"executor://xunit/VsTestRunner2/netcoreapp","Source":"C:\\Users\\Premiersoft\\Documents\\ARQ\\Alberto\\TesteAlberto\\Questao5\\bin\\Debug\\net6.0\\fine-code-coverage\\build-output\\Questao5.dll","CodeFilePath":null,"LineNumber":0,"Properties":[{"Key":{"Id":"TestObject.Traits","Label":"Características","Category":"","Description":"","Attributes":5,"ValueType":"System.Collections.Generic.KeyValuePair`2[[System.String],[System.String]][]"},"Value":[{"Key":"Categoria","Value":"MovimentacaoHandler"}]}]},"Attachments":[],"Outcome":1,"ErrorMessage":null,"ErrorStackTrace":null,"DisplayName":"MovimentacaoHandler Valido","Messages":[],"ComputerName":"PS-STFA107-0066","Duration":"00:00:00.3652599","StartTime":"2025-02-27T13:12:10.8782064+00:00","EndTime":"2025-02-27T13:12:10.8782066+00:00","Properties":[]},{"TestCase":{"Id":"b19b04d4-f434-eba3-b064-ad19726b7b99","FullyQualifiedName":"Questao5.Testes.ApplicationTests.HandlersTests.SaldoTests.SaldoContaCorreteHandlerTeste.SaldoContaCorreteHandler_Valido","DisplayName":"SaldoContaCorreteHandler Valido","ExecutorUri":"executor://xunit/VsTestRunner2/netcoreapp","Source":"C:\\Users\\Premiersoft\\Documents\\ARQ\\Alberto\\TesteAlberto\\Questao5\\bin\\Debug\\net6.0\\fine-code-coverage\\build-output\\Questao5.dll","CodeFilePath":null,"LineNumber":0,"Properties":[{"Key":{"Id":"TestObject.Traits","Label":"Características","Category":"","Description":"","Attributes":5,"ValueType":"System.Collections.Generic.KeyValuePair`2[[System.String],[System.String]][]"},"Value":[{"Key":"Categoria","Value":"SaldoContaCorreteHandler"}]}]},"Attachments":[],"Outcome":1,"ErrorMessage":null,"ErrorStackTrace":null,"DisplayName":"SaldoContaCorreteHandler Valido","Messages":[],"ComputerName":"PS-STFA107-0066","Duration":"00:00:00.3660637","StartTime":"2025-02-27T13:12:10.8799124+00:00","EndTime":"2025-02-27T13:12:10.8799124+00:00","Properties":[]}],"TestRunStatistics":{"ExecutedTests":5,"Stats":{"Passed":5}},"ActiveTests":[]},"RunAttachments":[],"ExecutorUris":["executor://xunit/VsTestRunner2/netcoreapp"]}}
TpTrace Verbose: 0 : 22560, 12, 2025/02/27, 10:12:10.922, 16973770197914, vstest.console.dll, TestRequestSender.EndSession: Sending end session.
TpTrace Verbose: 0 : 22560, 12, 2025/02/27, 10:12:10.922, 16973770199634, vstest.console.dll, ProxyOperationManager.Close: waiting for test host to exit for 100 ms
TpTrace Verbose: 0 : 22560, 7, 2025/02/27, 10:12:10.942, 16973770391486, vstest.console.dll, TestHostManagerCallbacks.StandardOutputReceivedCallback Test host standard output line: 
TpTrace Warning: 0 : 22560, 11, 2025/02/27, 10:12:10.942, 16973770391563, vstest.console.dll, TestHostManagerCallbacks.ErrorReceivedCallback Test host standard error line: 
TpTrace Verbose: 0 : 22560, 11, 2025/02/27, 10:12:10.964, 16973770619566, vstest.console.dll, TestHostProvider.ExitCallBack: Host exited starting callback.
TpTrace Information: 0 : 22560, 11, 2025/02/27, 10:12:10.965, 16973770621830, vstest.console.dll, TestHostManagerCallbacks.ExitCallBack: Testhost processId: 23212 exited with exitcode: 0 error: ''
TpTrace Verbose: 0 : 22560, 11, 2025/02/27, 10:12:10.965, 16973770622255, vstest.console.dll, DotnetTestHostManager.OnHostExited: invoking OnHostExited callback
TpTrace Verbose: 0 : 22560, 11, 2025/02/27, 10:12:10.965, 16973770623208, vstest.console.dll, CrossPlatEngine.TestHostManagerHostExited: calling on client process exit callback.
TpTrace Information: 0 : 22560, 11, 2025/02/27, 10:12:10.965, 16973770625271, vstest.console.dll, TestRequestSender.OnClientProcessExit: Test host process exited. Standard error: 
TpTrace Information: 0 : 22560, 12, 2025/02/27, 10:12:10.965, 16973770625645, vstest.console.dll, SocketServer.Stop: Stop server endPoint: 127.0.0.1:52819
TpTrace Information: 0 : 22560, 12, 2025/02/27, 10:12:10.965, 16973770627037, vstest.console.dll, SocketServer.Stop: Cancellation requested. Stopping message loop.
TpTrace Information: 0 : 22560, 11, 2025/02/27, 10:12:10.965, 16973770627188, vstest.console.dll, SocketServer.Stop: Stop server endPoint: 127.0.0.1:52819
TpTrace Information: 0 : 22560, 11, 2025/02/27, 10:12:10.965, 16973770627883, vstest.console.dll, SocketServer.Stop: Cancellation requested. Stopping message loop.
TpTrace Verbose: 0 : 22560, 11, 2025/02/27, 10:12:10.965, 16973770628225, vstest.console.dll, MulticastDelegateUtilities.SafeInvoke: HostProviderEvents.OnHostExited: Invoking callback 1/1 for Microsoft.VisualStudio.TestPlatform.CrossPlatEngine.Client.ProxyOperationManager., took 0 ms.
TpTrace Information: 0 : 22560, 12, 2025/02/27, 10:12:10.965, 16973770628956, vstest.console.dll, Closing the connection
TpTrace Verbose: 0 : 22560, 12, 2025/02/27, 10:12:10.966, 16973770632820, vstest.console.dll, ProxyDataCollectionManager.InvokeDataCollectionServiceAction: Starting.
TpTrace Information: 0 : 22560, 12, 2025/02/27, 10:12:10.966, 16973770633341, vstest.console.dll, ProxyDataCollectionManager.AfterTestRunEnd: Get attachment set and invoked data collectors processId: 55776 port: 52816
TpTrace Verbose: 0 : 22560, 12, 2025/02/27, 10:12:10.966, 16973770633676, vstest.console.dll, DataCollectionRequestSender.SendAfterTestRunStartAndGetResult: Send AfterTestRunEnd message with isCancelled: False
TpTrace Verbose: 0 : 22560, 12, 2025/02/27, 10:12:10.976, 16973770739421, vstest.console.dll, DataCollectionRequestSender.SendAfterTestRunStartAndGetResult: Received message: (DataCollection.AfterTestRunEndResult) -> {"MessageType":"DataCollection.AfterTestRunEndResult","Payload":{"AttachmentSets":[],"InvokedDataCollectors":[{"Uri":"datacollector://Microsoft/TestPlatform/Extensions/Blame/v1","FriendlyName":"Blame","AssemblyQualifiedName":"Microsoft.TestPlatform.Extensions.BlameDataCollector.BlameCollector, Microsoft.TestPlatform.Extensions.BlameDataCollector, Version=15.0.0.0, Culture=neutral, PublicKeyToken=b03f5f7f11d50a3a","FilePath":"C:\\Program Files\\dotnet\\sdk\\8.0.400\\Extensions\\Microsoft.TestPlatform.Extensions.BlameDataCollector.dll","HasAttachmentProcessor":false}],"Metrics":{}}}
TpTrace Warning: 0 : 22560, 10, 2025/02/27, 10:12:10.985, 16973770825452, vstest.console.dll, DataCollectionLauncher.ErrorReceivedCallback datacollector standard error line: 
TpTrace Information: 0 : 22560, 12, 2025/02/27, 10:12:10.986, 16973770840502, vstest.console.dll, ProxyDataCollectionManager.InvokeDataCollectionServiceAction: Completed.
TpTrace Information: 0 : 22560, 10, 2025/02/27, 10:12:10.994, 16973770914232, vstest.console.dll, DataCollectionLauncher.ExitCallBack: Data collector exited with exitcode: 0 error: ''
TpTrace Information: 0 : 22560, 12, 2025/02/27, 10:12:11.029, 16973771268236, vstest.console.dll, AssemblyResolver.OnResolve: System.Private.DataContractSerialization.resources: Resolving assembly.
TpTrace Information: 0 : 22560, 12, 2025/02/27, 10:12:11.029, 16973771269302, vstest.console.dll, AssemblyResolver.OnResolve: System.Private.DataContractSerialization.resources: Searching in: 'C:\Program Files\dotnet\sdk\8.0.400\Extensions'.
TpTrace Information: 0 : 22560, 12, 2025/02/27, 10:12:11.029, 16973771270250, vstest.console.dll, AssemblyResolver.OnResolve: System.Private.DataContractSerialization.resources: Assembly path does not exist: 'C:\Program Files\dotnet\sdk\8.0.400\Extensions\System.Private.DataContractSerialization.resources.dll', returning.
TpTrace Information: 0 : 22560, 12, 2025/02/27, 10:12:11.029, 16973771270751, vstest.console.dll, AssemblyResolver.OnResolve: System.Private.DataContractSerialization.resources: Assembly path does not exist: 'C:\Program Files\dotnet\sdk\8.0.400\Extensions\System.Private.DataContractSerialization.resources.exe', returning.
TpTrace Information: 0 : 22560, 12, 2025/02/27, 10:12:11.029, 16973771270972, vstest.console.dll, AssemblyResolver.OnResolve: System.Private.DataContractSerialization.resources: Searching in: 'C:\Program Files\dotnet\sdk\8.0.400'.
TpTrace Information: 0 : 22560, 12, 2025/02/27, 10:12:11.029, 16973771271393, vstest.console.dll, AssemblyResolver.OnResolve: System.Private.DataContractSerialization.resources: Assembly path does not exist: 'C:\Program Files\dotnet\sdk\8.0.400\System.Private.DataContractSerialization.resources.dll', returning.
TpTrace Information: 0 : 22560, 12, 2025/02/27, 10:12:11.030, 16973771271726, vstest.console.dll, AssemblyResolver.OnResolve: System.Private.DataContractSerialization.resources: Assembly path does not exist: 'C:\Program Files\dotnet\sdk\8.0.400\System.Private.DataContractSerialization.resources.exe', returning.
TpTrace Information: 0 : 22560, 12, 2025/02/27, 10:12:11.030, 16973771271880, vstest.console.dll, AssemblyResolver.OnResolve: System.Private.DataContractSerialization.resources: Failed to load assembly.
TpTrace Information: 0 : 22560, 12, 2025/02/27, 10:12:11.030, 16973771273327, vstest.console.dll, AssemblyResolver.OnResolve: System.Private.DataContractSerialization.resources: Resolving assembly.
TpTrace Information: 0 : 22560, 12, 2025/02/27, 10:12:11.030, 16973771273653, vstest.console.dll, AssemblyResolver.OnResolve: System.Private.DataContractSerialization.resources: Resolved from cache.
TpTrace Verbose: 0 : 22560, 12, 2025/02/27, 10:12:11.070, 16973771672199, vstest.console.dll, TestRunRequest:SendTestRunStatsChange: Starting.
TpTrace Verbose: 0 : 22560, 12, 2025/02/27, 10:12:11.070, 16973771674507, vstest.console.dll, MulticastDelegateUtilities.SafeInvoke: TestRun.RunStatsChanged: Invoking callbacks was skipped because there are no subscribers.
TpTrace Information: 0 : 22560, 12, 2025/02/27, 10:12:11.070, 16973771674829, vstest.console.dll, TestRunRequest:SendTestRunStatsChange: Completed.
TpTrace Verbose: 0 : 22560, 12, 2025/02/27, 10:12:11.070, 16973771677431, vstest.console.dll, ParallelProxyExecutionManager: HandlePartialRunComplete: Total workloads = 1, Total started clients = 1 Total completed clients = 1, Run complete = True, Run canceled: False.
TpTrace Verbose: 0 : 22560, 12, 2025/02/27, 10:12:11.070, 16973771677737, vstest.console.dll, ParallelProxyExecutionManager: HandlePartialRunComplete: All runs completed stopping all managers.
TpTrace Verbose: 0 : 22560, 12, 2025/02/27, 10:12:11.070, 16973771677947, vstest.console.dll, ParallelOperationManager.StopAllManagers: Stopping all managers.
TpTrace Verbose: 0 : 22560, 12, 2025/02/27, 10:12:11.070, 16973771678108, vstest.console.dll, ParallelOperationManager.ClearSlots: Clearing all slots. Slots should accept more work: False
TpTrace Verbose: 0 : 22560, 12, 2025/02/27, 10:12:11.070, 16973771678423, vstest.console.dll, ParallelOperationManager.SetOccupiedSlotCount: Setting slot counts AvailableSlotCount = 1, OccupiedSlotCount = 0.
TpTrace Verbose: 0 : 22560, 12, 2025/02/27, 10:12:11.070, 16973771678795, vstest.console.dll, Occupied slots:

TpTrace Verbose: 0 : 22560, 4, 2025/02/27, 10:12:11.072, 16973771696934, vstest.console.dll, MulticastDelegateUtilities.SafeInvoke: InternalTestLoggerEvents.SendTestResult: Invoking callback 1/1 for Microsoft.VisualStudio.TestPlatform.CommandLine.Internal.ConsoleLogger., took 2 ms.
TpTrace Verbose: 0 : 22560, 4, 2025/02/27, 10:12:11.072, 16973771701306, vstest.console.dll, MulticastDelegateUtilities.SafeInvoke: InternalTestLoggerEvents.SendTestResult: Invoking callback 1/1 for Microsoft.VisualStudio.TestPlatform.CommandLine.Internal.ConsoleLogger., took 0 ms.
TpTrace Verbose: 0 : 22560, 4, 2025/02/27, 10:12:11.073, 16973771702344, vstest.console.dll, MulticastDelegateUtilities.SafeInvoke: InternalTestLoggerEvents.SendTestResult: Invoking callback 1/1 for Microsoft.VisualStudio.TestPlatform.CommandLine.Internal.ConsoleLogger., took 0 ms.
TpTrace Verbose: 0 : 22560, 4, 2025/02/27, 10:12:11.073, 16973771702853, vstest.console.dll, MulticastDelegateUtilities.SafeInvoke: InternalTestLoggerEvents.SendTestResult: Invoking callback 1/1 for Microsoft.VisualStudio.TestPlatform.CommandLine.Internal.ConsoleLogger., took 0 ms.
TpTrace Verbose: 0 : 22560, 4, 2025/02/27, 10:12:11.073, 16973771703231, vstest.console.dll, MulticastDelegateUtilities.SafeInvoke: InternalTestLoggerEvents.SendTestResult: Invoking callback 1/1 for Microsoft.VisualStudio.TestPlatform.CommandLine.Internal.ConsoleLogger., took 0 ms.
TpTrace Verbose: 0 : 22560, 4, 2025/02/27, 10:12:11.080, 16973771780815, vstest.console.dll, MulticastDelegateUtilities.SafeInvoke: InternalTestLoggerEvents.SendTestRunComplete: Invoking callback 1/2 for Microsoft.TestPlatform.Extensions.BlameDataCollector.BlameLogger., took 0 ms.
TpTrace Verbose: 0 : 22560, 4, 2025/02/27, 10:12:11.087, 16973771841603, vstest.console.dll, MulticastDelegateUtilities.SafeInvoke: InternalTestLoggerEvents.SendTestRunComplete: Invoking callback 2/2 for Microsoft.VisualStudio.TestPlatform.CommandLine.Internal.ConsoleLogger., took 5 ms.
TpTrace Verbose: 0 : 22560, 12, 2025/02/27, 10:12:11.087, 16973771846532, vstest.console.dll, TestRunRequest:TestRunComplete: Starting. IsAborted:False IsCanceled:False.
TpTrace Verbose: 0 : 22560, 12, 2025/02/27, 10:12:11.087, 16973771848765, vstest.console.dll, ParallelOperationManager.DoActionOnAllManagers: Calling an action on all managers.
TpTrace Verbose: 0 : 22560, 12, 2025/02/27, 10:12:11.089, 16973771863439, vstest.console.dll, TestLoggerManager.HandleTestRunComplete: Ignoring as the object is disposed.
TpTrace Verbose: 0 : 22560, 12, 2025/02/27, 10:12:11.089, 16973771866662, vstest.console.dll, MulticastDelegateUtilities.SafeInvoke: TestRun.TestRunComplete: Invoking callback 1/2 for Microsoft.VisualStudio.TestPlatform.CommandLine.TestRunResultAggregator., took 0 ms.
TpTrace Verbose: 0 : 22560, 12, 2025/02/27, 10:12:11.089, 16973771868216, vstest.console.dll, MulticastDelegateUtilities.SafeInvoke: TestRun.TestRunComplete: Invoking callback 2/2 for Microsoft.VisualStudio.TestPlatform.CommandLine.Processors.RunTestsArgumentExecutor+TestRunRequestEventsRegistrar., took 0 ms.
TpTrace Information: 0 : 22560, 12, 2025/02/27, 10:12:11.089, 16973771869285, vstest.console.dll, TestRunRequest:TestRunComplete: Completed.
TpTrace Verbose: 0 : 22560, 1, 2025/02/27, 10:12:11.089, 16973771869341, vstest.console.dll, TestRunRequest.Dispose: Starting.
TpTrace Verbose: 0 : 22560, 12, 2025/02/27, 10:12:11.089, 16973771869629, vstest.console.dll, TestRequestSender.SetOperationComplete: Setting operation complete.
TpTrace Information: 0 : 22560, 1, 2025/02/27, 10:12:11.089, 16973771870035, vstest.console.dll, TestRunRequest.Dispose: Completed.
TpTrace Information: 0 : 22560, 12, 2025/02/27, 10:12:11.089, 16973771870675, vstest.console.dll, SocketServer.Stop: Stop server endPoint: 127.0.0.1:52819
TpTrace Information: 0 : 22560, 1, 2025/02/27, 10:12:11.089, 16973771871053, vstest.console.dll, TestRequestManager.RunTests: run tests completed.
TpTrace Information: 0 : 22560, 12, 2025/02/27, 10:12:11.089, 16973771871169, vstest.console.dll, SocketServer.Stop: Cancellation requested. Stopping message loop.
TpTrace Information: 0 : 22560, 1, 2025/02/27, 10:12:11.090, 16973771871806, vstest.console.dll, RunTestsArgumentProcessor:Execute: Test run is completed.
TpTrace Verbose: 0 : 22560, 12, 2025/02/27, 10:12:11.090, 16973771871858, vstest.console.dll, MulticastDelegateUtilities.SafeInvoke: LengthPrefixCommunicationChannel: MessageReceived: Invoking callback 1/1 for Microsoft.VisualStudio.TestPlatform.CommunicationUtilities.TestRequestSender+<>c__DisplayClass34_0., took 167 ms.
TpTrace Information: 0 : 22560, 12, 2025/02/27, 10:12:11.090, 16973771872503, vstest.console.dll, SocketServer.PrivateStop: Stopping server endPoint: 127.0.0.1:52819 error: 
TpTrace Verbose: 0 : 22560, 1, 2025/02/27, 10:12:11.090, 16973771874077, vstest.console.dll, Executor.Execute: Exiting with exit code of 0
TpTrace Verbose: 0 : 22560, 12, 2025/02/27, 10:12:11.090, 16973771878902, vstest.console.dll, LengthPrefixCommunicationChannel.Dispose: Dispose reader and writer.
TpTrace Information: 0 : 22560, 12, 2025/02/27, 10:12:11.090, 16973771879938, vstest.console.dll, SocketServer.Stop: Raise disconnected event endPoint: 127.0.0.1:52819 error: 
TpTrace Verbose: 0 : 22560, 12, 2025/02/27, 10:12:11.090, 16973771880963, vstest.console.dll, TestRequestSender: OnTestRunAbort: Operation is already complete. Skip error message.
TpTrace Verbose: 0 : 22560, 12, 2025/02/27, 10:12:11.090, 16973771881375, vstest.console.dll, MulticastDelegateUtilities.SafeInvoke: SocketServer: ClientDisconnected: Invoking callback 1/1 for Microsoft.VisualStudio.TestPlatform.CommunicationUtilities.TestRequestSender., took 0 ms.
TpTrace Verbose: 0 : 22560, 12, 2025/02/27, 10:12:11.091, 16973771881635, vstest.console.dll, TcpClientExtensions.MessageLoopAsync: exiting MessageLoopAsync remoteEndPoint: 127.0.0.1:52820 localEndPoint: 127.0.0.1:52819
